{"/workspace/IsaacTools/myhdf5/electron/lib.cjs": {"path":"/workspace/IsaacTools/myhdf5/electron/lib.cjs","statementMap":{"0":{"start":{"line":3,"column":12},"end":{"line":3,"column":39}},"1":{"start":{"line":4,"column":13},"end":{"line":4,"column":33}},"2":{"start":{"line":5,"column":13},"end":{"line":5,"column":33}},"3":{"start":{"line":7,"column":19},"end":{"line":19,"column":2}},"4":{"start":{"line":22,"column":2},"end":{"line":24,"column":null}},"5":{"start":{"line":23,"column":4},"end":{"line":23,"column":null}},"6":{"start":{"line":28,"column":2},"end":{"line":47,"column":null}},"7":{"start":{"line":30,"column":6},"end":{"line":30,"column":null}},"8":{"start":{"line":31,"column":6},"end":{"line":31,"column":null}},"9":{"start":{"line":35,"column":6},"end":{"line":35,"column":null}},"10":{"start":{"line":36,"column":6},"end":{"line":36,"column":null}},"11":{"start":{"line":40,"column":6},"end":{"line":40,"column":null}},"12":{"start":{"line":41,"column":6},"end":{"line":41,"column":null}},"13":{"start":{"line":44,"column":4},"end":{"line":44,"column":null}},"14":{"start":{"line":45,"column":4},"end":{"line":45,"column":null}},"15":{"start":{"line":46,"column":4},"end":{"line":46,"column":null}},"16":{"start":{"line":51,"column":2},"end":{"line":53,"column":null}},"17":{"start":{"line":52,"column":4},"end":{"line":52,"column":null}},"18":{"start":{"line":55,"column":2},"end":{"line":57,"column":null}},"19":{"start":{"line":56,"column":4},"end":{"line":56,"column":null}},"20":{"start":{"line":56,"column":23},"end":{"line":56,"column":32}},"21":{"start":{"line":61,"column":2},"end":{"line":78,"column":null}},"22":{"start":{"line":62,"column":20},"end":{"line":68,"column":5}},"23":{"start":{"line":65,"column":8},"end":{"line":65,"column":null}},"24":{"start":{"line":66,"column":8},"end":{"line":66,"column":null}},"25":{"start":{"line":70,"column":4},"end":{"line":72,"column":null}},"26":{"start":{"line":71,"column":6},"end":{"line":71,"column":null}},"27":{"start":{"line":74,"column":4},"end":{"line":77,"column":null}},"28":{"start":{"line":75,"column":6},"end":{"line":75,"column":null}},"29":{"start":{"line":76,"column":6},"end":{"line":76,"column":null}},"30":{"start":{"line":82,"column":2},"end":{"line":88,"column":null}},"31":{"start":{"line":82,"column":21},"end":{"line":82,"column":22}},"32":{"start":{"line":83,"column":4},"end":{"line":85,"column":null}},"33":{"start":{"line":84,"column":6},"end":{"line":84,"column":null}},"34":{"start":{"line":87,"column":4},"end":{"line":87,"column":null}},"35":{"start":{"line":90,"column":2},"end":{"line":92,"column":null}},"36":{"start":{"line":96,"column":2},"end":{"line":112,"column":null}},"37":{"start":{"line":96,"column":18},"end":{"line":96,"column":31}},"38":{"start":{"line":97,"column":4},"end":{"line":99,"column":null}},"39":{"start":{"line":98,"column":6},"end":{"line":98,"column":null}},"40":{"start":{"line":101,"column":18},"end":{"line":101,"column":37}},"41":{"start":{"line":102,"column":4},"end":{"line":111,"column":null}},"42":{"start":{"line":103,"column":6},"end":{"line":103,"column":null}},"43":{"start":{"line":104,"column":6},"end":{"line":104,"column":null}},"44":{"start":{"line":105,"column":6},"end":{"line":105,"column":null}},"45":{"start":{"line":107,"column":6},"end":{"line":107,"column":null}},"46":{"start":{"line":108,"column":6},"end":{"line":110,"column":null}},"47":{"start":{"line":109,"column":8},"end":{"line":109,"column":null}},"48":{"start":{"line":114,"column":2},"end":{"line":116,"column":null}},"49":{"start":{"line":120,"column":2},"end":{"line":123,"column":null}},"50":{"start":{"line":127,"column":19},"end":{"line":127,"column":47}},"51":{"start":{"line":128,"column":2},"end":{"line":131,"column":null}},"52":{"start":{"line":135,"column":14},"end":{"line":135,"column":60}},"53":{"start":{"line":136,"column":19},"end":{"line":136,"column":51}},"54":{"start":{"line":137,"column":24},"end":{"line":137,"column":68}},"55":{"start":{"line":139,"column":2},"end":{"line":141,"column":null}},"56":{"start":{"line":140,"column":4},"end":{"line":140,"column":null}},"57":{"start":{"line":143,"column":2},"end":{"line":156,"column":null}},"58":{"start":{"line":144,"column":17},"end":{"line":144,"column":46}},"59":{"start":{"line":145,"column":4},"end":{"line":147,"column":null}},"60":{"start":{"line":146,"column":6},"end":{"line":146,"column":null}},"61":{"start":{"line":149,"column":4},"end":{"line":149,"column":null}},"62":{"start":{"line":151,"column":4},"end":{"line":153,"column":null}},"63":{"start":{"line":152,"column":6},"end":{"line":152,"column":null}},"64":{"start":{"line":155,"column":4},"end":{"line":155,"column":null}},"65":{"start":{"line":160,"column":2},"end":{"line":160,"column":null}},"66":{"start":{"line":163,"column":0},"end":{"line":175,"column":null}}},"fnMap":{"0":{"name":"delay","decl":{"start":{"line":21,"column":9},"end":{"line":21,"column":14}},"loc":{"start":{"line":21,"column":19},"end":{"line":25,"column":null}},"line":21},"1":{"name":"(anonymous_1)","decl":{"start":{"line":22,"column":21},"end":{"line":22,"column":22}},"loc":{"start":{"line":22,"column":34},"end":{"line":24,"column":3}},"line":22},"2":{"name":"listen","decl":{"start":{"line":27,"column":9},"end":{"line":27,"column":15}},"loc":{"start":{"line":27,"column":36},"end":{"line":48,"column":null}},"line":27},"3":{"name":"(anonymous_3)","decl":{"start":{"line":28,"column":21},"end":{"line":28,"column":22}},"loc":{"start":{"line":28,"column":42},"end":{"line":47,"column":3}},"line":28},"4":{"name":"cleanup","decl":{"start":{"line":29,"column":13},"end":{"line":29,"column":20}},"loc":{"start":{"line":29,"column":23},"end":{"line":32,"column":null}},"line":29},"5":{"name":"onError","decl":{"start":{"line":34,"column":13},"end":{"line":34,"column":20}},"loc":{"start":{"line":34,"column":28},"end":{"line":37,"column":null}},"line":34},"6":{"name":"onListening","decl":{"start":{"line":39,"column":13},"end":{"line":39,"column":24}},"loc":{"start":{"line":39,"column":27},"end":{"line":42,"column":null}},"line":39},"7":{"name":"closeServer","decl":{"start":{"line":50,"column":9},"end":{"line":50,"column":20}},"loc":{"start":{"line":50,"column":29},"end":{"line":58,"column":null}},"line":50},"8":{"name":"(anonymous_8)","decl":{"start":{"line":55,"column":21},"end":{"line":55,"column":22}},"loc":{"start":{"line":55,"column":34},"end":{"line":57,"column":3}},"line":55},"9":{"name":"(anonymous_9)","decl":{"start":{"line":56,"column":17},"end":{"line":56,"column":18}},"loc":{"start":{"line":56,"column":23},"end":{"line":56,"column":32}},"line":56},"10":{"name":"checkBackendHealth","decl":{"start":{"line":60,"column":9},"end":{"line":60,"column":27}},"loc":{"start":{"line":60,"column":34},"end":{"line":79,"column":null}},"line":60},"11":{"name":"(anonymous_11)","decl":{"start":{"line":61,"column":21},"end":{"line":61,"column":22}},"loc":{"start":{"line":61,"column":34},"end":{"line":78,"column":3}},"line":61},"12":{"name":"(anonymous_12)","decl":{"start":{"line":64,"column":6},"end":{"line":64,"column":7}},"loc":{"start":{"line":64,"column":20},"end":{"line":67,"column":7}},"line":64},"13":{"name":"(anonymous_13)","decl":{"start":{"line":70,"column":24},"end":{"line":70,"column":25}},"loc":{"start":{"line":70,"column":30},"end":{"line":72,"column":5}},"line":70},"14":{"name":"(anonymous_14)","decl":{"start":{"line":74,"column":28},"end":{"line":74,"column":29}},"loc":{"start":{"line":74,"column":34},"end":{"line":77,"column":5}},"line":74},"15":{"name":"waitForBackend","decl":{"start":{"line":81,"column":15},"end":{"line":81,"column":29}},"loc":{"start":{"line":81,"column":69},"end":{"line":93,"column":null}},"line":81},"16":{"name":"findAvailablePort","decl":{"start":{"line":95,"column":15},"end":{"line":95,"column":32}},"loc":{"start":{"line":95,"column":75},"end":{"line":117,"column":null}},"line":95},"17":{"name":"(anonymous_17)","decl":{"start":{"line":107,"column":37},"end":{"line":107,"column":38}},"loc":{"start":{"line":107,"column":43},"end":{"line":107,"column":45}},"line":107},"18":{"name":"isTrustedLocalOrigin","decl":{"start":{"line":119,"column":9},"end":{"line":119,"column":29}},"loc":{"start":{"line":119,"column":38},"end":{"line":124,"column":null}},"line":119},"19":{"name":"isInside","decl":{"start":{"line":126,"column":9},"end":{"line":126,"column":17}},"loc":{"start":{"line":126,"column":33},"end":{"line":132,"column":null}},"line":126},"20":{"name":"resolveStaticFile","decl":{"start":{"line":134,"column":15},"end":{"line":134,"column":32}},"loc":{"start":{"line":134,"column":54},"end":{"line":157,"column":null}},"line":134},"21":{"name":"getMimeType","decl":{"start":{"line":159,"column":9},"end":{"line":159,"column":20}},"loc":{"start":{"line":159,"column":31},"end":{"line":161,"column":null}},"line":159}},"branchMap":{"0":{"loc":{"start":{"line":51,"column":2},"end":{"line":53,"column":null}},"type":"if","locations":[{"start":{"line":51,"column":2},"end":{"line":53,"column":null}},{"start":{},"end":{}}],"line":51},"1":{"loc":{"start":{"line":81,"column":36},"end":{"line":81,"column":49}},"type":"default-arg","locations":[{"start":{"line":81,"column":47},"end":{"line":81,"column":49}}],"line":81},"2":{"loc":{"start":{"line":81,"column":51},"end":{"line":81,"column":67}},"type":"default-arg","locations":[{"start":{"line":81,"column":64},"end":{"line":81,"column":67}}],"line":81},"3":{"loc":{"start":{"line":83,"column":4},"end":{"line":85,"column":null}},"type":"if","locations":[{"start":{"line":83,"column":4},"end":{"line":85,"column":null}},{"start":{},"end":{}}],"line":83},"4":{"loc":{"start":{"line":95,"column":48},"end":{"line":95,"column":73}},"type":"default-arg","locations":[{"start":{"line":95,"column":64},"end":{"line":95,"column":73}}],"line":95},"5":{"loc":{"start":{"line":97,"column":4},"end":{"line":99,"column":null}},"type":"if","locations":[{"start":{"line":97,"column":4},"end":{"line":99,"column":null}},{"start":{},"end":{}}],"line":97},"6":{"loc":{"start":{"line":108,"column":6},"end":{"line":110,"column":null}},"type":"if","locations":[{"start":{"line":108,"column":6},"end":{"line":110,"column":null}},{"start":{},"end":{}}],"line":108},"7":{"loc":{"start":{"line":121,"column":4},"end":{"line":122,"column":null}},"type":"binary-expr","locations":[{"start":{"line":121,"column":4},"end":{"line":121,"column":42}},{"start":{"line":122,"column":4},"end":{"line":122,"column":null}}],"line":121},"8":{"loc":{"start":{"line":129,"column":4},"end":{"line":130,"column":null}},"type":"binary-expr","locations":[{"start":{"line":129,"column":4},"end":{"line":129,"column":19}},{"start":{"line":130,"column":5},"end":{"line":130,"column":31}},{"start":{"line":130,"column":35},"end":{"line":130,"column":61}}],"line":129},"9":{"loc":{"start":{"line":135,"column":22},"end":{"line":135,"column":39}},"type":"binary-expr","locations":[{"start":{"line":135,"column":22},"end":{"line":135,"column":32}},{"start":{"line":135,"column":36},"end":{"line":135,"column":39}}],"line":135},"10":{"loc":{"start":{"line":139,"column":2},"end":{"line":141,"column":null}},"type":"if","locations":[{"start":{"line":139,"column":2},"end":{"line":141,"column":null}},{"start":{},"end":{}}],"line":139},"11":{"loc":{"start":{"line":145,"column":4},"end":{"line":147,"column":null}},"type":"if","locations":[{"start":{"line":145,"column":4},"end":{"line":147,"column":null}},{"start":{},"end":{}}],"line":145},"12":{"loc":{"start":{"line":151,"column":4},"end":{"line":153,"column":null}},"type":"if","locations":[{"start":{"line":151,"column":4},"end":{"line":153,"column":null}},{"start":{},"end":{}}],"line":151},"13":{"loc":{"start":{"line":160,"column":9},"end":{"line":160,"column":77}},"type":"binary-expr","locations":[{"start":{"line":160,"column":9},"end":{"line":160,"column":47}},{"start":{"line":160,"column":51},"end":{"line":160,"column":77}}],"line":160}},"s":{"0":1,"1":1,"2":1,"3":1,"4":0,"5":0,"6":10,"7":10,"8":10,"9":1,"10":1,"11":9,"12":9,"13":10,"14":10,"15":10,"16":10,"17":0,"18":10,"19":10,"20":10,"21":3,"22":3,"23":2,"24":2,"25":3,"26":1,"27":3,"28":0,"29":0,"30":0,"31":0,"32":0,"33":0,"34":0,"35":0,"36":3,"37":3,"38":5,"39":1,"40":4,"41":4,"42":4,"43":3,"44":3,"45":1,"46":1,"47":0,"48":2,"49":6,"50":11,"51":11,"52":5,"53":5,"54":5,"55":5,"56":0,"57":5,"58":5,"59":3,"60":1,"61":2,"62":2,"63":1,"64":1,"65":6,"66":1},"f":{"0":0,"1":0,"2":10,"3":10,"4":10,"5":1,"6":9,"7":10,"8":10,"9":10,"10":3,"11":3,"12":2,"13":1,"14":0,"15":0,"16":3,"17":0,"18":6,"19":11,"20":5,"21":6},"b":{"0":[0,10],"1":[0],"2":[0],"3":[0,0],"4":[3],"5":[1,4],"6":[0,1],"7":[6,5],"8":[11,9,6],"9":[5,5],"10":[0,5],"11":[1,2],"12":[1,1],"13":[6,2]},"meta":{"lastBranch":14,"lastFunction":22,"lastStatement":67,"seen":{"s:3:12:3:39":0,"s:4:13:4:33":1,"s:5:13:5:33":2,"s:7:19:19:2":3,"f:21:9:21:14":0,"s:22:2:24:Infinity":4,"f:22:21:22:22":1,"s:23:4:23:Infinity":5,"f:27:9:27:15":2,"s:28:2:47:Infinity":6,"f:28:21:28:22":3,"f:29:13:29:20":4,"s:30:6:30:Infinity":7,"s:31:6:31:Infinity":8,"f:34:13:34:20":5,"s:35:6:35:Infinity":9,"s:36:6:36:Infinity":10,"f:39:13:39:24":6,"s:40:6:40:Infinity":11,"s:41:6:41:Infinity":12,"s:44:4:44:Infinity":13,"s:45:4:45:Infinity":14,"s:46:4:46:Infinity":15,"f:50:9:50:20":7,"b:51:2:53:Infinity:undefined:undefined:undefined:undefined":0,"s:51:2:53:Infinity":16,"s:52:4:52:Infinity":17,"s:55:2:57:Infinity":18,"f:55:21:55:22":8,"s:56:4:56:Infinity":19,"f:56:17:56:18":9,"s:56:23:56:32":20,"f:60:9:60:27":10,"s:61:2:78:Infinity":21,"f:61:21:61:22":11,"s:62:20:68:5":22,"f:64:6:64:7":12,"s:65:8:65:Infinity":23,"s:66:8:66:Infinity":24,"s:70:4:72:Infinity":25,"f:70:24:70:25":13,"s:71:6:71:Infinity":26,"s:74:4:77:Infinity":27,"f:74:28:74:29":14,"s:75:6:75:Infinity":28,"s:76:6:76:Infinity":29,"f:81:15:81:29":15,"b:81:47:81:49":1,"b:81:64:81:67":2,"s:82:2:88:Infinity":30,"s:82:21:82:22":31,"b:83:4:85:Infinity:undefined:undefined:undefined:undefined":3,"s:83:4:85:Infinity":32,"s:84:6:84:Infinity":33,"s:87:4:87:Infinity":34,"s:90:2:92:Infinity":35,"f:95:15:95:32":16,"b:95:64:95:73":4,"s:96:2:112:Infinity":36,"s:96:18:96:31":37,"b:97:4:99:Infinity:undefined:undefined:undefined:undefined":5,"s:97:4:99:Infinity":38,"s:98:6:98:Infinity":39,"s:101:18:101:37":40,"s:102:4:111:Infinity":41,"s:103:6:103:Infinity":42,"s:104:6:104:Infinity":43,"s:105:6:105:Infinity":44,"s:107:6:107:Infinity":45,"f:107:37:107:38":17,"b:108:6:110:Infinity:undefined:undefined:undefined:undefined":6,"s:108:6:110:Infinity":46,"s:109:8:109:Infinity":47,"s:114:2:116:Infinity":48,"f:119:9:119:29":18,"s:120:2:123:Infinity":49,"b:121:4:121:42:122:4:122:Infinity":7,"f:126:9:126:17":19,"s:127:19:127:47":50,"s:128:2:131:Infinity":51,"b:129:4:129:19:130:5:130:31:130:35:130:61":8,"f:134:15:134:32":20,"s:135:14:135:60":52,"b:135:22:135:32:135:36:135:39":9,"s:136:19:136:51":53,"s:137:24:137:68":54,"b:139:2:141:Infinity:undefined:undefined:undefined:undefined":10,"s:139:2:141:Infinity":55,"s:140:4:140:Infinity":56,"s:143:2:156:Infinity":57,"s:144:17:144:46":58,"b:145:4:147:Infinity:undefined:undefined:undefined:undefined":11,"s:145:4:147:Infinity":59,"s:146:6:146:Infinity":60,"s:149:4:149:Infinity":61,"b:151:4:153:Infinity:undefined:undefined:undefined:undefined":12,"s:151:4:153:Infinity":62,"s:152:6:152:Infinity":63,"s:155:4:155:Infinity":64,"f:159:9:159:20":21,"s:160:2:160:Infinity":65,"b:160:9:160:47:160:51:160:77":13,"s:163:0:175:Infinity":66}}}
,"/workspace/IsaacTools/myhdf5/electron/main.cjs": {"path":"/workspace/IsaacTools/myhdf5/electron/main.cjs","statementMap":{"0":{"start":{"line":3,"column":18},"end":{"line":3,"column":47}},"1":{"start":{"line":4,"column":11},"end":{"line":4,"column":29}},"2":{"start":{"line":5,"column":12},"end":{"line":5,"column":39}},"3":{"start":{"line":6,"column":13},"end":{"line":6,"column":33}},"4":{"start":{"line":7,"column":13},"end":{"line":7,"column":33}},"5":{"start":{"line":9,"column":55},"end":{"line":9,"column":74}},"6":{"start":{"line":20,"column":4},"end":{"line":20,"column":24}},"7":{"start":{"line":22,"column":20},"end":{"line":22,"column":49}},"8":{"start":{"line":23,"column":16},"end":{"line":23,"column":46}},"9":{"start":{"line":24,"column":16},"end":{"line":24,"column":63}},"10":{"start":{"line":25,"column":22},"end":{"line":25,"column":76}},"11":{"start":{"line":27,"column":2},"end":{"line":28,"column":6}},"12":{"start":{"line":30,"column":2},"end":{"line":31,"column":6}},"13":{"start":{"line":33,"column":2},"end":{"line":35,"column":33}},"14":{"start":{"line":36,"column":21},"end":{"line":43,"column":1}},"15":{"start":{"line":45,"column":2},"end":{"line":46,"column":58}},"16":{"start":{"line":47,"column":18},"end":{"line":47,"column":55}},"17":{"start":{"line":49,"column":0},"end":{"line":49,"column":null}},"18":{"start":{"line":50,"column":0},"end":{"line":52,"column":null}},"19":{"start":{"line":51,"column":2},"end":{"line":51,"column":null}},"20":{"start":{"line":54,"column":21},"end":{"line":54,"column":25}},"21":{"start":{"line":55,"column":19},"end":{"line":55,"column":23}},"22":{"start":{"line":56,"column":17},"end":{"line":56,"column":21}},"23":{"start":{"line":57,"column":15},"end":{"line":57,"column":20}},"24":{"start":{"line":60,"column":2},"end":{"line":64,"column":null}},"25":{"start":{"line":62,"column":6},"end":{"line":62,"column":null}},"26":{"start":{"line":66,"column":2},"end":{"line":71,"column":null}},"27":{"start":{"line":68,"column":21},"end":{"line":68,"column":67}},"28":{"start":{"line":69,"column":6},"end":{"line":69,"column":null}},"29":{"start":{"line":73,"column":2},"end":{"line":78,"column":null}},"30":{"start":{"line":76,"column":6},"end":{"line":76,"column":null}},"31":{"start":{"line":82,"column":2},"end":{"line":86,"column":null}},"32":{"start":{"line":83,"column":4},"end":{"line":85,"column":null}},"33":{"start":{"line":88,"column":17},"end":{"line":109,"column":4}},"34":{"start":{"line":89,"column":4},"end":{"line":108,"column":null}},"35":{"start":{"line":90,"column":23},"end":{"line":90,"column":68}},"36":{"start":{"line":91,"column":6},"end":{"line":97,"column":null}},"37":{"start":{"line":92,"column":8},"end":{"line":94,"column":null}},"38":{"start":{"line":95,"column":8},"end":{"line":95,"column":null}},"39":{"start":{"line":96,"column":8},"end":{"line":96,"column":null}},"40":{"start":{"line":99,"column":19},"end":{"line":99,"column":47}},"41":{"start":{"line":100,"column":6},"end":{"line":103,"column":null}},"42":{"start":{"line":104,"column":6},"end":{"line":104,"column":null}},"43":{"start":{"line":106,"column":6},"end":{"line":106,"column":null}},"44":{"start":{"line":107,"column":6},"end":{"line":107,"column":null}},"45":{"start":{"line":111,"column":18},"end":{"line":111,"column":57}},"46":{"start":{"line":112,"column":2},"end":{"line":112,"column":null}},"47":{"start":{"line":113,"column":2},"end":{"line":113,"column":null}},"48":{"start":{"line":117,"column":2},"end":{"line":125,"column":null}},"49":{"start":{"line":127,"column":2},"end":{"line":132,"column":null}},"50":{"start":{"line":128,"column":17},"end":{"line":128,"column":39}},"51":{"start":{"line":129,"column":4},"end":{"line":131,"column":null}},"52":{"start":{"line":130,"column":6},"end":{"line":130,"column":null}},"53":{"start":{"line":134,"column":2},"end":{"line":139,"column":null}},"54":{"start":{"line":135,"column":17},"end":{"line":135,"column":39}},"55":{"start":{"line":136,"column":4},"end":{"line":138,"column":null}},"56":{"start":{"line":137,"column":6},"end":{"line":137,"column":null}},"57":{"start":{"line":141,"column":2},"end":{"line":148,"column":null}},"58":{"start":{"line":142,"column":4},"end":{"line":146,"column":null}},"59":{"start":{"line":143,"column":6},"end":{"line":143,"column":null}},"60":{"start":{"line":144,"column":11},"end":{"line":146,"column":null}},"61":{"start":{"line":145,"column":6},"end":{"line":145,"column":null}},"62":{"start":{"line":147,"column":4},"end":{"line":147,"column":null}},"63":{"start":{"line":150,"column":2},"end":{"line":153,"column":null}},"64":{"start":{"line":151,"column":4},"end":{"line":151,"column":null}},"65":{"start":{"line":152,"column":4},"end":{"line":152,"column":null}},"66":{"start":{"line":157,"column":25},"end":{"line":157,"column":39}},"67":{"start":{"line":158,"column":2},"end":{"line":160,"column":null}},"68":{"start":{"line":159,"column":4},"end":{"line":159,"column":null}},"69":{"start":{"line":162,"column":2},"end":{"line":179,"column":null}},"70":{"start":{"line":163,"column":17},"end":{"line":163,"column":22}},"71":{"start":{"line":164,"column":20},"end":{"line":169,"column":12}},"72":{"start":{"line":165,"column":6},"end":{"line":167,"column":null}},"73":{"start":{"line":166,"column":8},"end":{"line":166,"column":null}},"74":{"start":{"line":168,"column":6},"end":{"line":168,"column":null}},"75":{"start":{"line":171,"column":4},"end":{"line":175,"column":null}},"76":{"start":{"line":172,"column":6},"end":{"line":172,"column":null}},"77":{"start":{"line":173,"column":6},"end":{"line":173,"column":null}},"78":{"start":{"line":174,"column":6},"end":{"line":174,"column":null}},"79":{"start":{"line":177,"column":4},"end":{"line":177,"column":null}},"80":{"start":{"line":178,"column":4},"end":{"line":178,"column":null}},"81":{"start":{"line":183,"column":2},"end":{"line":183,"column":null}},"82":{"start":{"line":184,"column":2},"end":{"line":184,"column":null}},"83":{"start":{"line":188,"column":2},"end":{"line":202,"column":null}},"84":{"start":{"line":204,"column":2},"end":{"line":207,"column":null}},"85":{"start":{"line":205,"column":4},"end":{"line":205,"column":null}},"86":{"start":{"line":206,"column":4},"end":{"line":206,"column":null}},"87":{"start":{"line":209,"column":2},"end":{"line":209,"column":null}},"88":{"start":{"line":213,"column":2},"end":{"line":250,"column":null}},"89":{"start":{"line":214,"column":24},"end":{"line":214,"column":69}},"90":{"start":{"line":215,"column":20},"end":{"line":218,"column":5}},"91":{"start":{"line":219,"column":19},"end":{"line":219,"column":51}},"92":{"start":{"line":221,"column":4},"end":{"line":221,"column":null}},"93":{"start":{"line":223,"column":4},"end":{"line":231,"column":null}},"94":{"start":{"line":224,"column":6},"end":{"line":228,"column":null}},"95":{"start":{"line":225,"column":8},"end":{"line":225,"column":null}},"96":{"start":{"line":227,"column":8},"end":{"line":227,"column":null}},"97":{"start":{"line":229,"column":6},"end":{"line":229,"column":null}},"98":{"start":{"line":230,"column":6},"end":{"line":230,"column":null}},"99":{"start":{"line":233,"column":4},"end":{"line":233,"column":null}},"100":{"start":{"line":235,"column":20},"end":{"line":235,"column":74}},"101":{"start":{"line":236,"column":4},"end":{"line":236,"column":null}},"102":{"start":{"line":237,"column":4},"end":{"line":237,"column":null}},"103":{"start":{"line":239,"column":4},"end":{"line":242,"column":null}},"104":{"start":{"line":240,"column":6},"end":{"line":240,"column":null}},"105":{"start":{"line":241,"column":6},"end":{"line":241,"column":null}},"106":{"start":{"line":244,"column":4},"end":{"line":248,"column":null}},"107":{"start":{"line":249,"column":4},"end":{"line":249,"column":null}},"108":{"start":{"line":253,"column":0},"end":{"line":256,"column":null}},"109":{"start":{"line":254,"column":2},"end":{"line":254,"column":null}},"110":{"start":{"line":255,"column":2},"end":{"line":255,"column":null}},"111":{"start":{"line":258,"column":0},"end":{"line":260,"column":null}},"112":{"start":{"line":259,"column":2},"end":{"line":259,"column":null}},"113":{"start":{"line":262,"column":0},"end":{"line":272,"column":null}},"114":{"start":{"line":263,"column":2},"end":{"line":265,"column":null}},"115":{"start":{"line":264,"column":4},"end":{"line":264,"column":null}},"116":{"start":{"line":267,"column":2},"end":{"line":267,"column":null}},"117":{"start":{"line":268,"column":2},"end":{"line":268,"column":null}},"118":{"start":{"line":269,"column":2},"end":{"line":271,"column":null}},"119":{"start":{"line":270,"column":4},"end":{"line":270,"column":null}},"120":{"start":{"line":274,"column":0},"end":{"line":280,"column":null}},"121":{"start":{"line":275,"column":2},"end":{"line":279,"column":null}},"122":{"start":{"line":276,"column":4},"end":{"line":278,"column":null}},"123":{"start":{"line":277,"column":6},"end":{"line":277,"column":null}}},"fnMap":{"0":{"name":"configureFileSystemAccess","decl":{"start":{"line":59,"column":9},"end":{"line":59,"column":34}},"loc":{"start":{"line":59,"column":37},"end":{"line":79,"column":null}},"line":59},"1":{"name":"(anonymous_1)","decl":{"start":{"line":61,"column":4},"end":{"line":61,"column":5}},"loc":{"start":{"line":61,"column":42},"end":{"line":63,"column":5}},"line":61},"2":{"name":"(anonymous_2)","decl":{"start":{"line":67,"column":4},"end":{"line":67,"column":5}},"loc":{"start":{"line":67,"column":52},"end":{"line":70,"column":5}},"line":67},"3":{"name":"(anonymous_3)","decl":{"start":{"line":75,"column":4},"end":{"line":75,"column":5}},"loc":{"start":{"line":75,"column":35},"end":{"line":77,"column":5}},"line":75},"4":{"name":"startStaticServer","decl":{"start":{"line":81,"column":15},"end":{"line":81,"column":32}},"loc":{"start":{"line":81,"column":39},"end":{"line":114,"column":null}},"line":81},"5":{"name":"(anonymous_5)","decl":{"start":{"line":88,"column":35},"end":{"line":88,"column":40}},"loc":{"start":{"line":88,"column":64},"end":{"line":109,"column":3}},"line":88},"6":{"name":"startBackend","decl":{"start":{"line":116,"column":9},"end":{"line":116,"column":21}},"loc":{"start":{"line":116,"column":28},"end":{"line":154,"column":null}},"line":116},"7":{"name":"(anonymous_7)","decl":{"start":{"line":127,"column":36},"end":{"line":127,"column":37}},"loc":{"start":{"line":127,"column":46},"end":{"line":132,"column":3}},"line":127},"8":{"name":"(anonymous_8)","decl":{"start":{"line":134,"column":36},"end":{"line":134,"column":37}},"loc":{"start":{"line":134,"column":46},"end":{"line":139,"column":3}},"line":134},"9":{"name":"(anonymous_9)","decl":{"start":{"line":141,"column":28},"end":{"line":141,"column":29}},"loc":{"start":{"line":141,"column":46},"end":{"line":148,"column":3}},"line":141},"10":{"name":"(anonymous_10)","decl":{"start":{"line":150,"column":29},"end":{"line":150,"column":30}},"loc":{"start":{"line":150,"column":40},"end":{"line":153,"column":3}},"line":150},"11":{"name":"stopBackend","decl":{"start":{"line":156,"column":9},"end":{"line":156,"column":20}},"loc":{"start":{"line":156,"column":23},"end":{"line":180,"column":null}},"line":156},"12":{"name":"(anonymous_12)","decl":{"start":{"line":162,"column":21},"end":{"line":162,"column":22}},"loc":{"start":{"line":162,"column":34},"end":{"line":179,"column":3}},"line":162},"13":{"name":"(anonymous_13)","decl":{"start":{"line":164,"column":31},"end":{"line":164,"column":32}},"loc":{"start":{"line":164,"column":37},"end":{"line":169,"column":5}},"line":164},"14":{"name":"(anonymous_14)","decl":{"start":{"line":171,"column":33},"end":{"line":171,"column":34}},"loc":{"start":{"line":171,"column":39},"end":{"line":175,"column":5}},"line":171},"15":{"name":"shutdown","decl":{"start":{"line":182,"column":15},"end":{"line":182,"column":23}},"loc":{"start":{"line":182,"column":26},"end":{"line":185,"column":null}},"line":182},"16":{"name":"createWindow","decl":{"start":{"line":187,"column":15},"end":{"line":187,"column":27}},"loc":{"start":{"line":187,"column":49},"end":{"line":210,"column":null}},"line":187},"17":{"name":"(anonymous_17)","decl":{"start":{"line":204,"column":46},"end":{"line":204,"column":47}},"loc":{"start":{"line":204,"column":59},"end":{"line":207,"column":3}},"line":204},"18":{"name":"boot","decl":{"start":{"line":212,"column":15},"end":{"line":212,"column":19}},"loc":{"start":{"line":212,"column":22},"end":{"line":251,"column":null}},"line":212},"19":{"name":"(anonymous_19)","decl":{"start":{"line":253,"column":21},"end":{"line":253,"column":22}},"loc":{"start":{"line":253,"column":27},"end":{"line":256,"column":1}},"line":253},"20":{"name":"(anonymous_20)","decl":{"start":{"line":258,"column":28},"end":{"line":258,"column":29}},"loc":{"start":{"line":258,"column":34},"end":{"line":260,"column":1}},"line":258},"21":{"name":"(anonymous_21)","decl":{"start":{"line":262,"column":22},"end":{"line":262,"column":23}},"loc":{"start":{"line":262,"column":33},"end":{"line":272,"column":1}},"line":262},"22":{"name":"(anonymous_22)","decl":{"start":{"line":269,"column":26},"end":{"line":269,"column":27}},"loc":{"start":{"line":269,"column":32},"end":{"line":271,"column":3}},"line":269},"23":{"name":"(anonymous_23)","decl":{"start":{"line":275,"column":23},"end":{"line":275,"column":24}},"loc":{"start":{"line":275,"column":29},"end":{"line":279,"column":3}},"line":275},"24":{"name":"(anonymous_24)","decl":{"start":{"line":276,"column":28},"end":{"line":276,"column":29}},"loc":{"start":{"line":276,"column":34},"end":{"line":278,"column":5}},"line":276}},"branchMap":{"0":{"loc":{"start":{"line":27,"column":2},"end":{"line":28,"column":6}},"type":"binary-expr","locations":[{"start":{"line":27,"column":2},"end":{"line":27,"column":77}},{"start":{"line":28,"column":2},"end":{"line":28,"column":6}}],"line":27},"1":{"loc":{"start":{"line":27,"column":9},"end":{"line":27,"column":76}},"type":"binary-expr","locations":[{"start":{"line":27,"column":9},"end":{"line":27,"column":43}},{"start":{"line":27,"column":47},"end":{"line":27,"column":76}}],"line":27},"2":{"loc":{"start":{"line":30,"column":2},"end":{"line":31,"column":6}},"type":"binary-expr","locations":[{"start":{"line":30,"column":2},"end":{"line":30,"column":74}},{"start":{"line":31,"column":2},"end":{"line":31,"column":6}}],"line":30},"3":{"loc":{"start":{"line":30,"column":9},"end":{"line":30,"column":73}},"type":"binary-expr","locations":[{"start":{"line":30,"column":9},"end":{"line":30,"column":40}},{"start":{"line":30,"column":44},"end":{"line":30,"column":73}}],"line":30},"4":{"loc":{"start":{"line":33,"column":2},"end":{"line":35,"column":33}},"type":"binary-expr","locations":[{"start":{"line":33,"column":2},"end":{"line":33,"column":32}},{"start":{"line":34,"column":2},"end":{"line":34,"column":30}},{"start":{"line":35,"column":2},"end":{"line":35,"column":33}}],"line":33},"5":{"loc":{"start":{"line":45,"column":2},"end":{"line":46,"column":58}},"type":"binary-expr","locations":[{"start":{"line":45,"column":2},"end":{"line":45,"column":35}},{"start":{"line":46,"column":3},"end":{"line":46,"column":57}}],"line":45},"6":{"loc":{"start":{"line":46,"column":3},"end":{"line":46,"column":57}},"type":"cond-expr","locations":[{"start":{"line":46,"column":33},"end":{"line":46,"column":45}},{"start":{"line":46,"column":48},"end":{"line":46,"column":57}}],"line":46},"7":{"loc":{"start":{"line":50,"column":0},"end":{"line":52,"column":null}},"type":"if","locations":[{"start":{"line":50,"column":0},"end":{"line":52,"column":null}},{"start":{},"end":{}}],"line":50},"8":{"loc":{"start":{"line":50,"column":4},"end":{"line":50,"column":76}},"type":"binary-expr","locations":[{"start":{"line":50,"column":4},"end":{"line":50,"column":32}},{"start":{"line":50,"column":36},"end":{"line":50,"column":76}}],"line":50},"9":{"loc":{"start":{"line":62,"column":13},"end":{"line":62,"column":72}},"type":"binary-expr","locations":[{"start":{"line":62,"column":13},"end":{"line":62,"column":40}},{"start":{"line":62,"column":44},"end":{"line":62,"column":72}}],"line":62},"10":{"loc":{"start":{"line":68,"column":21},"end":{"line":68,"column":67}},"type":"binary-expr","locations":[{"start":{"line":68,"column":21},"end":{"line":68,"column":43}},{"start":{"line":68,"column":47},"end":{"line":68,"column":67}}],"line":68},"11":{"loc":{"start":{"line":69,"column":15},"end":{"line":69,"column":74}},"type":"binary-expr","locations":[{"start":{"line":69,"column":15},"end":{"line":69,"column":42}},{"start":{"line":69,"column":46},"end":{"line":69,"column":74}}],"line":69},"12":{"loc":{"start":{"line":76,"column":15},"end":{"line":76,"column":70}},"type":"cond-expr","locations":[{"start":{"line":76,"column":54},"end":{"line":76,"column":61}},{"start":{"line":76,"column":64},"end":{"line":76,"column":70}}],"line":76},"13":{"loc":{"start":{"line":82,"column":2},"end":{"line":86,"column":null}},"type":"if","locations":[{"start":{"line":82,"column":2},"end":{"line":86,"column":null}},{"start":{},"end":{}}],"line":82},"14":{"loc":{"start":{"line":91,"column":6},"end":{"line":97,"column":null}},"type":"if","locations":[{"start":{"line":91,"column":6},"end":{"line":97,"column":null}},{"start":{},"end":{}}],"line":91},"15":{"loc":{"start":{"line":107,"column":19},"end":{"line":107,"column":73}},"type":"cond-expr","locations":[{"start":{"line":107,"column":44},"end":{"line":107,"column":57}},{"start":{"line":107,"column":60},"end":{"line":107,"column":73}}],"line":107},"16":{"loc":{"start":{"line":129,"column":4},"end":{"line":131,"column":null}},"type":"if","locations":[{"start":{"line":129,"column":4},"end":{"line":131,"column":null}},{"start":{},"end":{}}],"line":129},"17":{"loc":{"start":{"line":136,"column":4},"end":{"line":138,"column":null}},"type":"if","locations":[{"start":{"line":136,"column":4},"end":{"line":138,"column":null}},{"start":{},"end":{}}],"line":136},"18":{"loc":{"start":{"line":142,"column":4},"end":{"line":146,"column":null}},"type":"if","locations":[{"start":{"line":142,"column":4},"end":{"line":146,"column":null}},{"start":{"line":144,"column":11},"end":{"line":146,"column":null}}],"line":142},"19":{"loc":{"start":{"line":142,"column":8},"end":{"line":142,"column":35}},"type":"binary-expr","locations":[{"start":{"line":142,"column":8},"end":{"line":142,"column":18}},{"start":{"line":142,"column":22},"end":{"line":142,"column":35}}],"line":142},"20":{"loc":{"start":{"line":144,"column":11},"end":{"line":146,"column":null}},"type":"if","locations":[{"start":{"line":144,"column":11},"end":{"line":146,"column":null}},{"start":{},"end":{}}],"line":144},"21":{"loc":{"start":{"line":158,"column":2},"end":{"line":160,"column":null}},"type":"if","locations":[{"start":{"line":158,"column":2},"end":{"line":160,"column":null}},{"start":{},"end":{}}],"line":158},"22":{"loc":{"start":{"line":165,"column":6},"end":{"line":167,"column":null}},"type":"if","locations":[{"start":{"line":165,"column":6},"end":{"line":167,"column":null}},{"start":{},"end":{}}],"line":165},"23":{"loc":{"start":{"line":223,"column":4},"end":{"line":231,"column":null}},"type":"if","locations":[{"start":{"line":223,"column":4},"end":{"line":231,"column":null}},{"start":{},"end":{}}],"line":223},"24":{"loc":{"start":{"line":235,"column":20},"end":{"line":235,"column":74}},"type":"cond-expr","locations":[{"start":{"line":235,"column":45},"end":{"line":235,"column":58}},{"start":{"line":235,"column":61},"end":{"line":235,"column":74}}],"line":235},"25":{"loc":{"start":{"line":239,"column":4},"end":{"line":242,"column":null}},"type":"if","locations":[{"start":{"line":239,"column":4},"end":{"line":242,"column":null}},{"start":{},"end":{}}],"line":239},"26":{"loc":{"start":{"line":263,"column":2},"end":{"line":265,"column":null}},"type":"if","locations":[{"start":{"line":263,"column":2},"end":{"line":265,"column":null}},{"start":{},"end":{}}],"line":263}},"s":{"0":0,"1":0,"2":0,"3":0,"4":0,"5":0,"6":0,"7":0,"8":0,"9":0,"10":0,"11":0,"12":0,"13":0,"14":0,"15":0,"16":0,"17":0,"18":0,"19":0,"20":0,"21":0,"22":0,"23":0,"24":0,"25":0,"26":0,"27":0,"28":0,"29":0,"30":0,"31":0,"32":0,"33":0,"34":0,"35":0,"36":0,"37":0,"38":0,"39":0,"40":0,"41":0,"42":0,"43":0,"44":0,"45":0,"46":0,"47":0,"48":0,"49":0,"50":0,"51":0,"52":0,"53":0,"54":0,"55":0,"56":0,"57":0,"58":0,"59":0,"60":0,"61":0,"62":0,"63":0,"64":0,"65":0,"66":0,"67":0,"68":0,"69":0,"70":0,"71":0,"72":0,"73":0,"74":0,"75":0,"76":0,"77":0,"78":0,"79":0,"80":0,"81":0,"82":0,"83":0,"84":0,"85":0,"86":0,"87":0,"88":0,"89":0,"90":0,"91":0,"92":0,"93":0,"94":0,"95":0,"96":0,"97":0,"98":0,"99":0,"100":0,"101":0,"102":0,"103":0,"104":0,"105":0,"106":0,"107":0,"108":0,"109":0,"110":0,"111":0,"112":0,"113":0,"114":0,"115":0,"116":0,"117":0,"118":0,"119":0,"120":0,"121":0,"122":0,"123":0},"f":{"0":0,"1":0,"2":0,"3":0,"4":0,"5":0,"6":0,"7":0,"8":0,"9":0,"10":0,"11":0,"12":0,"13":0,"14":0,"15":0,"16":0,"17":0,"18":0,"19":0,"20":0,"21":0,"22":0,"23":0,"24":0},"b":{"0":[0,0],"1":[0,0],"2":[0,0],"3":[0,0],"4":[0,0,0],"5":[0,0],"6":[0,0],"7":[0,0],"8":[0,0],"9":[0,0],"10":[0,0],"11":[0,0],"12":[0,0],"13":[0,0],"14":[0,0],"15":[0,0],"16":[0,0],"17":[0,0],"18":[0,0],"19":[0,0],"20":[0,0],"21":[0,0],"22":[0,0],"23":[0,0],"24":[0,0],"25":[0,0],"26":[0,0]},"meta":{"lastBranch":27,"lastFunction":25,"lastStatement":124,"seen":{"s:3:18:3:47":0,"s:4:11:4:29":1,"s:5:12:5:39":2,"s:6:13:6:33":3,"s:7:13:7:33":4,"s:9:55:9:74":5,"s:20:4:20:24":6,"s:22:20:22:49":7,"s:23:16:23:46":8,"s:24:16:24:63":9,"s:25:22:25:76":10,"s:27:2:28:6":11,"b:27:2:27:77:28:2:28:6":0,"b:27:9:27:43:27:47:27:76":1,"s:30:2:31:6":12,"b:30:2:30:74:31:2:31:6":2,"b:30:9:30:40:30:44:30:73":3,"s:33:2:35:33":13,"b:33:2:33:32:34:2:34:30:35:2:35:33":4,"s:36:21:43:1":14,"s:45:2:46:58":15,"b:45:2:45:35:46:3:46:57":5,"b:46:33:46:45:46:48:46:57":6,"s:47:18:47:55":16,"s:49:0:49:Infinity":17,"b:50:0:52:Infinity:undefined:undefined:undefined:undefined":7,"s:50:0:52:Infinity":18,"b:50:4:50:32:50:36:50:76":8,"s:51:2:51:Infinity":19,"s:54:21:54:25":20,"s:55:19:55:23":21,"s:56:17:56:21":22,"s:57:15:57:20":23,"f:59:9:59:34":0,"s:60:2:64:Infinity":24,"f:61:4:61:5":1,"s:62:6:62:Infinity":25,"b:62:13:62:40:62:44:62:72":9,"s:66:2:71:Infinity":26,"f:67:4:67:5":2,"s:68:21:68:67":27,"b:68:21:68:43:68:47:68:67":10,"s:69:6:69:Infinity":28,"b:69:15:69:42:69:46:69:74":11,"s:73:2:78:Infinity":29,"f:75:4:75:5":3,"s:76:6:76:Infinity":30,"b:76:54:76:61:76:64:76:70":12,"f:81:15:81:32":4,"b:82:2:86:Infinity:undefined:undefined:undefined:undefined":13,"s:82:2:86:Infinity":31,"s:83:4:85:Infinity":32,"s:88:17:109:4":33,"f:88:35:88:40":5,"s:89:4:108:Infinity":34,"s:90:23:90:68":35,"b:91:6:97:Infinity:undefined:undefined:undefined:undefined":14,"s:91:6:97:Infinity":36,"s:92:8:94:Infinity":37,"s:95:8:95:Infinity":38,"s:96:8:96:Infinity":39,"s:99:19:99:47":40,"s:100:6:103:Infinity":41,"s:104:6:104:Infinity":42,"s:106:6:106:Infinity":43,"s:107:6:107:Infinity":44,"b:107:44:107:57:107:60:107:73":15,"s:111:18:111:57":45,"s:112:2:112:Infinity":46,"s:113:2:113:Infinity":47,"f:116:9:116:21":6,"s:117:2:125:Infinity":48,"s:127:2:132:Infinity":49,"f:127:36:127:37":7,"s:128:17:128:39":50,"b:129:4:131:Infinity:undefined:undefined:undefined:undefined":16,"s:129:4:131:Infinity":51,"s:130:6:130:Infinity":52,"s:134:2:139:Infinity":53,"f:134:36:134:37":8,"s:135:17:135:39":54,"b:136:4:138:Infinity:undefined:undefined:undefined:undefined":17,"s:136:4:138:Infinity":55,"s:137:6:137:Infinity":56,"s:141:2:148:Infinity":57,"f:141:28:141:29":9,"b:142:4:146:Infinity:144:11:146:Infinity":18,"s:142:4:146:Infinity":58,"b:142:8:142:18:142:22:142:35":19,"s:143:6:143:Infinity":59,"b:144:11:146:Infinity:undefined:undefined:undefined:undefined":20,"s:144:11:146:Infinity":60,"s:145:6:145:Infinity":61,"s:147:4:147:Infinity":62,"s:150:2:153:Infinity":63,"f:150:29:150:30":10,"s:151:4:151:Infinity":64,"s:152:4:152:Infinity":65,"f:156:9:156:20":11,"s:157:25:157:39":66,"b:158:2:160:Infinity:undefined:undefined:undefined:undefined":21,"s:158:2:160:Infinity":67,"s:159:4:159:Infinity":68,"s:162:2:179:Infinity":69,"f:162:21:162:22":12,"s:163:17:163:22":70,"s:164:20:169:12":71,"f:164:31:164:32":13,"b:165:6:167:Infinity:undefined:undefined:undefined:undefined":22,"s:165:6:167:Infinity":72,"s:166:8:166:Infinity":73,"s:168:6:168:Infinity":74,"s:171:4:175:Infinity":75,"f:171:33:171:34":14,"s:172:6:172:Infinity":76,"s:173:6:173:Infinity":77,"s:174:6:174:Infinity":78,"s:177:4:177:Infinity":79,"s:178:4:178:Infinity":80,"f:182:15:182:23":15,"s:183:2:183:Infinity":81,"s:184:2:184:Infinity":82,"f:187:15:187:27":16,"s:188:2:202:Infinity":83,"s:204:2:207:Infinity":84,"f:204:46:204:47":17,"s:205:4:205:Infinity":85,"s:206:4:206:Infinity":86,"s:209:2:209:Infinity":87,"f:212:15:212:19":18,"s:213:2:250:Infinity":88,"s:214:24:214:69":89,"s:215:20:218:5":90,"s:219:19:219:51":91,"s:221:4:221:Infinity":92,"b:223:4:231:Infinity:undefined:undefined:undefined:undefined":23,"s:223:4:231:Infinity":93,"s:224:6:228:Infinity":94,"s:225:8:225:Infinity":95,"s:227:8:227:Infinity":96,"s:229:6:229:Infinity":97,"s:230:6:230:Infinity":98,"s:233:4:233:Infinity":99,"s:235:20:235:74":100,"b:235:45:235:58:235:61:235:74":24,"s:236:4:236:Infinity":101,"s:237:4:237:Infinity":102,"b:239:4:242:Infinity:undefined:undefined:undefined:undefined":25,"s:239:4:242:Infinity":103,"s:240:6:240:Infinity":104,"s:241:6:241:Infinity":105,"s:244:4:248:Infinity":106,"s:249:4:249:Infinity":107,"s:253:0:256:Infinity":108,"f:253:21:253:22":19,"s:254:2:254:Infinity":109,"s:255:2:255:Infinity":110,"s:258:0:260:Infinity":111,"f:258:28:258:29":20,"s:259:2:259:Infinity":112,"s:262:0:272:Infinity":113,"f:262:22:262:23":21,"b:263:2:265:Infinity:undefined:undefined:undefined:undefined":26,"s:263:2:265:Infinity":114,"s:264:4:264:Infinity":115,"s:267:2:267:Infinity":116,"s:268:2:268:Infinity":117,"s:269:2:271:Infinity":118,"f:269:26:269:27":22,"s:270:4:270:Infinity":119,"s:274:0:280:Infinity":120,"s:275:2:279:Infinity":121,"f:275:23:275:24":23,"s:276:4:278:Infinity":122,"f:276:28:276:29":24,"s:277:6:277:Infinity":123}}}
,"/workspace/IsaacTools/myhdf5/electron/preload.cjs": {"path":"/workspace/IsaacTools/myhdf5/electron/preload.cjs","statementMap":{"0":{"start":{"line":3,"column":36},"end":{"line":3,"column":55}},"1":{"start":{"line":6,"column":17},"end":{"line":6,"column":29}},"2":{"start":{"line":7,"column":14},"end":{"line":9,"column":26}},"3":{"start":{"line":8,"column":19},"end":{"line":8,"column":41}},"4":{"start":{"line":10,"column":17},"end":{"line":10,"column":40}},"5":{"start":{"line":11,"column":2},"end":{"line":11,"column":null}},"6":{"start":{"line":14,"column":0},"end":{"line":23,"column":null}},"7":{"start":{"line":17,"column":4},"end":{"line":19,"column":null}},"8":{"start":{"line":18,"column":6},"end":{"line":18,"column":null}},"9":{"start":{"line":21,"column":4},"end":{"line":21,"column":null}}},"fnMap":{"0":{"name":"readNumberArg","decl":{"start":{"line":5,"column":9},"end":{"line":5,"column":22}},"loc":{"start":{"line":5,"column":29},"end":{"line":12,"column":null}},"line":5},"1":{"name":"(anonymous_1)","decl":{"start":{"line":8,"column":10},"end":{"line":8,"column":11}},"loc":{"start":{"line":8,"column":19},"end":{"line":8,"column":41}},"line":8},"2":{"name":"(anonymous_2)","decl":{"start":{"line":16,"column":2},"end":{"line":16,"column":16}},"loc":{"start":{"line":16,"column":23},"end":{"line":22,"column":3}},"line":16}},"branchMap":{"0":{"loc":{"start":{"line":10,"column":17},"end":{"line":10,"column":40}},"type":"cond-expr","locations":[{"start":{"line":10,"column":23},"end":{"line":10,"column":34}},{"start":{"line":10,"column":37},"end":{"line":10,"column":40}}],"line":10},"1":{"loc":{"start":{"line":11,"column":9},"end":{"line":11,"column":68}},"type":"cond-expr","locations":[{"start":{"line":11,"column":50},"end":{"line":11,"column":56}},{"start":{"line":11,"column":59},"end":{"line":11,"column":68}}],"line":11},"2":{"loc":{"start":{"line":11,"column":9},"end":{"line":11,"column":47}},"type":"binary-expr","locations":[{"start":{"line":11,"column":9},"end":{"line":11,"column":33}},{"start":{"line":11,"column":37},"end":{"line":11,"column":47}}],"line":11},"3":{"loc":{"start":{"line":17,"column":4},"end":{"line":19,"column":null}},"type":"if","locations":[{"start":{"line":17,"column":4},"end":{"line":19,"column":null}},{"start":{},"end":{}}],"line":17},"4":{"loc":{"start":{"line":17,"column":8},"end":{"line":17,"column":62}},"type":"binary-expr","locations":[{"start":{"line":17,"column":8},"end":{"line":17,"column":13}},{"start":{"line":17,"column":17},"end":{"line":17,"column":62}}],"line":17},"5":{"loc":{"start":{"line":21,"column":11},"end":{"line":21,"column":53}},"type":"binary-expr","locations":[{"start":{"line":21,"column":11},"end":{"line":21,"column":40}},{"start":{"line":21,"column":44},"end":{"line":21,"column":53}}],"line":21}},"s":{"0":0,"1":0,"2":0,"3":0,"4":0,"5":0,"6":0,"7":0,"8":0,"9":0},"f":{"0":0,"1":0,"2":0},"b":{"0":[0,0],"1":[0,0],"2":[0,0],"3":[0,0],"4":[0,0],"5":[0,0]},"meta":{"lastBranch":6,"lastFunction":3,"lastStatement":10,"seen":{"s:3:36:3:55":0,"f:5:9:5:22":0,"s:6:17:6:29":1,"s:7:14:9:26":2,"f:8:10:8:11":1,"s:8:19:8:41":3,"s:10:17:10:40":4,"b:10:23:10:34:10:37:10:40":0,"s:11:2:11:Infinity":5,"b:11:50:11:56:11:59:11:68":1,"b:11:9:11:33:11:37:11:47":2,"s:14:0:23:Infinity":6,"f:16:2:16:16":2,"b:17:4:19:Infinity:undefined:undefined:undefined:undefined":3,"s:17:4:19:Infinity":7,"b:17:8:17:13:17:17:17:62":4,"s:18:6:18:Infinity":8,"s:21:4:21:Infinity":9,"b:21:11:21:40:21:44:21:53":5}}}
,"/workspace/IsaacTools/myhdf5/src/App.tsx": {"path":"/workspace/IsaacTools/myhdf5/src/App.tsx","statementMap":{"0":{"start":{"line":10,"column":6},"end":{"line":10,"column":null}},"1":{"start":{"line":10,"column":47},"end":{"line":10,"column":null}},"2":{"start":{"line":11,"column":6},"end":{"line":11,"column":null}},"3":{"start":{"line":11,"column":40},"end":{"line":11,"column":null}},"4":{"start":{"line":12,"column":6},"end":{"line":12,"column":null}},"5":{"start":{"line":12,"column":47},"end":{"line":12,"column":null}},"6":{"start":{"line":13,"column":6},"end":{"line":13,"column":null}},"7":{"start":{"line":13,"column":39},"end":{"line":13,"column":null}},"8":{"start":{"line":14,"column":6},"end":{"line":14,"column":null}},"9":{"start":{"line":14,"column":38},"end":{"line":14,"column":null}},"10":{"start":{"line":15,"column":6},"end":{"line":15,"column":null}},"11":{"start":{"line":15,"column":44},"end":{"line":15,"column":null}},"12":{"start":{"line":16,"column":6},"end":{"line":16,"column":null}},"13":{"start":{"line":16,"column":34},"end":{"line":16,"column":null}},"14":{"start":{"line":19,"column":40},"end":{"line":19,"column":null}},"15":{"start":{"line":20,"column":14},"end":{"line":20,"column":68}},"16":{"start":{"line":22,"column":2},"end":{"line":30,"column":null}},"17":{"start":{"line":36,"column":8},"end":{"line":36,"column":32}},"18":{"start":{"line":38,"column":2},"end":{"line":58,"column":null}}},"fnMap":{"0":{"name":"(anonymous_0)","decl":{"start":{"line":10,"column":35},"end":{"line":10,"column":47}},"loc":{"start":{"line":10,"column":47},"end":{"line":10,"column":null}},"line":10},"1":{"name":"(anonymous_1)","decl":{"start":{"line":11,"column":28},"end":{"line":11,"column":40}},"loc":{"start":{"line":11,"column":40},"end":{"line":11,"column":null}},"line":11},"2":{"name":"(anonymous_2)","decl":{"start":{"line":12,"column":35},"end":{"line":12,"column":47}},"loc":{"start":{"line":12,"column":47},"end":{"line":12,"column":null}},"line":12},"3":{"name":"(anonymous_3)","decl":{"start":{"line":13,"column":27},"end":{"line":13,"column":39}},"loc":{"start":{"line":13,"column":39},"end":{"line":13,"column":null}},"line":13},"4":{"name":"(anonymous_4)","decl":{"start":{"line":14,"column":26},"end":{"line":14,"column":38}},"loc":{"start":{"line":14,"column":38},"end":{"line":14,"column":null}},"line":14},"5":{"name":"(anonymous_5)","decl":{"start":{"line":15,"column":32},"end":{"line":15,"column":44}},"loc":{"start":{"line":15,"column":44},"end":{"line":15,"column":null}},"line":15},"6":{"name":"(anonymous_6)","decl":{"start":{"line":16,"column":22},"end":{"line":16,"column":34}},"loc":{"start":{"line":16,"column":34},"end":{"line":16,"column":null}},"line":16},"7":{"name":"RouteErrorFallback","decl":{"start":{"line":18,"column":9},"end":{"line":18,"column":28}},"loc":{"start":{"line":18,"column":50},"end":{"line":30,"column":null}},"line":18},"8":{"name":"App","decl":{"start":{"line":35,"column":9},"end":{"line":35,"column":15}},"loc":{"start":{"line":35,"column":15},"end":{"line":58,"column":null}},"line":35}},"branchMap":{"0":{"loc":{"start":{"line":20,"column":14},"end":{"line":20,"column":68}},"type":"cond-expr","locations":[{"start":{"line":20,"column":39},"end":{"line":20,"column":55}},{"start":{"line":20,"column":55},"end":{"line":20,"column":68}}],"line":20}},"s":{"0":0,"1":0,"2":0,"3":0,"4":0,"5":0,"6":0,"7":0,"8":0,"9":0,"10":0,"11":0,"12":0,"13":0,"14":0,"15":0,"16":0,"17":0,"18":0},"f":{"0":0,"1":0,"2":0,"3":0,"4":0,"5":0,"6":0,"7":0,"8":0},"b":{"0":[0,0]},"meta":{"lastBranch":1,"lastFunction":9,"lastStatement":19,"seen":{"s:10:6:10:Infinity":0,"f:10:35:10:47":0,"s:10:47:10:Infinity":1,"s:11:6:11:Infinity":2,"f:11:28:11:40":1,"s:11:40:11:Infinity":3,"s:12:6:12:Infinity":4,"f:12:35:12:47":2,"s:12:47:12:Infinity":5,"s:13:6:13:Infinity":6,"f:13:27:13:39":3,"s:13:39:13:Infinity":7,"s:14:6:14:Infinity":8,"f:14:26:14:38":4,"s:14:38:14:Infinity":9,"s:15:6:15:Infinity":10,"f:15:32:15:44":5,"s:15:44:15:Infinity":11,"s:16:6:16:Infinity":12,"f:16:22:16:34":6,"s:16:34:16:Infinity":13,"f:18:9:18:28":7,"s:19:40:19:Infinity":14,"s:20:14:20:68":15,"b:20:39:20:55:20:55:20:68":0,"s:22:2:30:Infinity":16,"f:35:9:35:15":8,"s:36:8:36:32":17,"s:38:2:58:Infinity":18}}}
,"/workspace/IsaacTools/myhdf5/src/ClothDistributionPage.tsx": {"path":"/workspace/IsaacTools/myhdf5/src/ClothDistributionPage.tsx","statementMap":{"0":{"start":{"line":42,"column":62},"end":{"line":47,"column":null}},"1":{"start":{"line":49,"column":36},"end":{"line":49,"column":null}},"2":{"start":{"line":52,"column":16},"end":{"line":56,"column":4}},"3":{"start":{"line":58,"column":2},"end":{"line":97,"column":null}},"4":{"start":{"line":59,"column":20},"end":{"line":59,"column":null}},"5":{"start":{"line":60,"column":8},"end":{"line":60,"column":null}},"6":{"start":{"line":62,"column":4},"end":{"line":65,"column":null}},"7":{"start":{"line":63,"column":6},"end":{"line":63,"column":null}},"8":{"start":{"line":64,"column":6},"end":{"line":65,"column":null}},"9":{"start":{"line":65,"column":8},"end":{"line":65,"column":null}},"10":{"start":{"line":69,"column":4},"end":{"line":69,"column":null}},"11":{"start":{"line":71,"column":4},"end":{"line":91,"column":null}},"12":{"start":{"line":73,"column":8},"end":{"line":75,"column":null}},"13":{"start":{"line":74,"column":10},"end":{"line":74,"column":null}},"14":{"start":{"line":75,"column":10},"end":{"line":75,"column":null}},"15":{"start":{"line":78,"column":8},"end":{"line":78,"column":null}},"16":{"start":{"line":79,"column":8},"end":{"line":79,"column":null}},"17":{"start":{"line":82,"column":8},"end":{"line":83,"column":null}},"18":{"start":{"line":83,"column":10},"end":{"line":83,"column":null}},"19":{"start":{"line":86,"column":8},"end":{"line":90,"column":null}},"20":{"start":{"line":93,"column":4},"end":{"line":95,"column":null}},"21":{"start":{"line":94,"column":6},"end":{"line":94,"column":null}},"22":{"start":{"line":95,"column":6},"end":{"line":95,"column":null}},"23":{"start":{"line":99,"column":2},"end":{"line":99,"column":null}},"24":{"start":{"line":103,"column":2},"end":{"line":103,"column":null}},"25":{"start":{"line":107,"column":2},"end":{"line":107,"column":null}},"26":{"start":{"line":111,"column":2},"end":{"line":113,"column":null}},"27":{"start":{"line":117,"column":2},"end":{"line":117,"column":null}},"28":{"start":{"line":121,"column":2},"end":{"line":121,"column":null}},"29":{"start":{"line":125,"column":2},"end":{"line":125,"column":null}},"30":{"start":{"line":129,"column":2},"end":{"line":130,"column":null}},"31":{"start":{"line":130,"column":4},"end":{"line":130,"column":null}},"32":{"start":{"line":133,"column":2},"end":{"line":133,"column":null}},"33":{"start":{"line":137,"column":2},"end":{"line":138,"column":null}},"34":{"start":{"line":138,"column":4},"end":{"line":138,"column":null}},"35":{"start":{"line":141,"column":2},"end":{"line":142,"column":null}},"36":{"start":{"line":142,"column":4},"end":{"line":142,"column":null}},"37":{"start":{"line":145,"column":2},"end":{"line":145,"column":null}},"38":{"start":{"line":149,"column":2},"end":{"line":149,"column":null}},"39":{"start":{"line":153,"column":2},"end":{"line":153,"column":null}},"40":{"start":{"line":157,"column":2},"end":{"line":157,"column":null}},"41":{"start":{"line":161,"column":14},"end":{"line":161,"column":29}},"42":{"start":{"line":162,"column":13},"end":{"line":162,"column":null}},"43":{"start":{"line":163,"column":2},"end":{"line":164,"column":null}},"44":{"start":{"line":163,"column":19},"end":{"line":163,"column":22}},"45":{"start":{"line":164,"column":4},"end":{"line":164,"column":null}},"46":{"start":{"line":167,"column":2},"end":{"line":167,"column":null}},"47":{"start":{"line":174,"column":16},"end":{"line":174,"column":null}},"48":{"start":{"line":175,"column":21},"end":{"line":175,"column":null}},"49":{"start":{"line":176,"column":2},"end":{"line":177,"column":null}},"50":{"start":{"line":177,"column":4},"end":{"line":177,"column":null}},"51":{"start":{"line":180,"column":2},"end":{"line":181,"column":null}},"52":{"start":{"line":181,"column":4},"end":{"line":181,"column":null}},"53":{"start":{"line":184,"column":2},"end":{"line":185,"column":null}},"54":{"start":{"line":185,"column":4},"end":{"line":185,"column":null}},"55":{"start":{"line":188,"column":2},"end":{"line":188,"column":null}},"56":{"start":{"line":192,"column":2},"end":{"line":204,"column":null}},"57":{"start":{"line":212,"column":8},"end":{"line":212,"column":50}},"58":{"start":{"line":212,"column":37},"end":{"line":212,"column":50}},"59":{"start":{"line":213,"column":9},"end":{"line":213,"column":42}},"60":{"start":{"line":214,"column":20},"end":{"line":214,"column":43}},"61":{"start":{"line":216,"column":21},"end":{"line":216,"column":67}},"62":{"start":{"line":217,"column":20},"end":{"line":217,"column":65}},"63":{"start":{"line":218,"column":20},"end":{"line":218,"column":65}},"64":{"start":{"line":219,"column":20},"end":{"line":219,"column":69}},"65":{"start":{"line":220,"column":17},"end":{"line":220,"column":98}},"66":{"start":{"line":221,"column":34},"end":{"line":221,"column":79}},"67":{"start":{"line":222,"column":28},"end":{"line":222,"column":66}},"68":{"start":{"line":223,"column":28},"end":{"line":223,"column":63}},"69":{"start":{"line":224,"column":17},"end":{"line":224,"column":76}},"70":{"start":{"line":225,"column":18},"end":{"line":225,"column":47}},"71":{"start":{"line":226,"column":20},"end":{"line":226,"column":65}},"72":{"start":{"line":227,"column":24},"end":{"line":227,"column":89}},"73":{"start":{"line":229,"column":2},"end":{"line":260,"column":null}},"74":{"start":{"line":230,"column":26},"end":{"line":230,"column":65}},"75":{"start":{"line":230,"column":55},"end":{"line":230,"column":64}},"76":{"start":{"line":232,"column":4},"end":{"line":247,"column":null}},"77":{"start":{"line":233,"column":6},"end":{"line":234,"column":null}},"78":{"start":{"line":234,"column":8},"end":{"line":234,"column":null}},"79":{"start":{"line":237,"column":6},"end":{"line":243,"column":null}},"80":{"start":{"line":241,"column":50},"end":{"line":241,"column":73}},"81":{"start":{"line":243,"column":8},"end":{"line":243,"column":null}},"82":{"start":{"line":246,"column":6},"end":{"line":246,"column":null}},"83":{"start":{"line":249,"column":4},"end":{"line":253,"column":null}},"84":{"start":{"line":250,"column":6},"end":{"line":252,"column":36}},"85":{"start":{"line":255,"column":4},"end":{"line":259,"column":null}},"86":{"start":{"line":256,"column":6},"end":{"line":258,"column":36}},"87":{"start":{"line":262,"column":8},"end":{"line":264,"column":null}},"88":{"start":{"line":263,"column":10},"end":{"line":263,"column":null}},"89":{"start":{"line":263,"column":32},"end":{"line":263,"column":56}},"90":{"start":{"line":266,"column":8},"end":{"line":268,"column":null}},"91":{"start":{"line":267,"column":10},"end":{"line":267,"column":null}},"92":{"start":{"line":267,"column":32},"end":{"line":267,"column":55}},"93":{"start":{"line":270,"column":8},"end":{"line":272,"column":null}},"94":{"start":{"line":271,"column":10},"end":{"line":271,"column":null}},"95":{"start":{"line":271,"column":32},"end":{"line":271,"column":55}},"96":{"start":{"line":275,"column":23},"end":{"line":275,"column":49}},"97":{"start":{"line":276,"column":22},"end":{"line":276,"column":47}},"98":{"start":{"line":277,"column":22},"end":{"line":277,"column":47}},"99":{"start":{"line":279,"column":8},"end":{"line":285,"column":null}},"100":{"start":{"line":280,"column":10},"end":{"line":284,"column":34}},"101":{"start":{"line":284,"column":24},"end":{"line":284,"column":34}},"102":{"start":{"line":288,"column":2},"end":{"line":367,"column":null}},"103":{"start":{"line":289,"column":25},"end":{"line":291,"column":61}},"104":{"start":{"line":290,"column":25},"end":{"line":290,"column":43}},"105":{"start":{"line":291,"column":22},"end":{"line":291,"column":61}},"106":{"start":{"line":292,"column":4},"end":{"line":297,"column":null}},"107":{"start":{"line":293,"column":6},"end":{"line":293,"column":null}},"108":{"start":{"line":294,"column":6},"end":{"line":294,"column":null}},"109":{"start":{"line":295,"column":6},"end":{"line":295,"column":null}},"110":{"start":{"line":296,"column":6},"end":{"line":296,"column":null}},"111":{"start":{"line":297,"column":6},"end":{"line":297,"column":null}},"112":{"start":{"line":300,"column":4},"end":{"line":305,"column":null}},"113":{"start":{"line":301,"column":6},"end":{"line":301,"column":null}},"114":{"start":{"line":302,"column":6},"end":{"line":302,"column":null}},"115":{"start":{"line":303,"column":6},"end":{"line":303,"column":null}},"116":{"start":{"line":304,"column":6},"end":{"line":304,"column":null}},"117":{"start":{"line":305,"column":6},"end":{"line":305,"column":null}},"118":{"start":{"line":308,"column":4},"end":{"line":313,"column":null}},"119":{"start":{"line":308,"column":39},"end":{"line":308,"column":82}},"120":{"start":{"line":309,"column":6},"end":{"line":309,"column":null}},"121":{"start":{"line":310,"column":6},"end":{"line":310,"column":null}},"122":{"start":{"line":311,"column":6},"end":{"line":311,"column":null}},"123":{"start":{"line":312,"column":6},"end":{"line":312,"column":null}},"124":{"start":{"line":313,"column":6},"end":{"line":313,"column":null}},"125":{"start":{"line":316,"column":20},"end":{"line":316,"column":null}},"126":{"start":{"line":317,"column":4},"end":{"line":317,"column":null}},"127":{"start":{"line":318,"column":4},"end":{"line":318,"column":null}},"128":{"start":{"line":319,"column":4},"end":{"line":319,"column":null}},"129":{"start":{"line":320,"column":4},"end":{"line":320,"column":null}},"130":{"start":{"line":322,"column":4},"end":{"line":349,"column":null}},"131":{"start":{"line":330,"column":8},"end":{"line":331,"column":null}},"132":{"start":{"line":331,"column":10},"end":{"line":331,"column":null}},"133":{"start":{"line":334,"column":8},"end":{"line":334,"column":null}},"134":{"start":{"line":335,"column":8},"end":{"line":335,"column":null}},"135":{"start":{"line":338,"column":8},"end":{"line":339,"column":null}},"136":{"start":{"line":339,"column":10},"end":{"line":339,"column":null}},"137":{"start":{"line":342,"column":8},"end":{"line":342,"column":null}},"138":{"start":{"line":343,"column":8},"end":{"line":343,"column":null}},"139":{"start":{"line":346,"column":8},"end":{"line":347,"column":null}},"140":{"start":{"line":347,"column":10},"end":{"line":347,"column":null}},"141":{"start":{"line":351,"column":4},"end":{"line":352,"column":null}},"142":{"start":{"line":352,"column":6},"end":{"line":352,"column":null}},"143":{"start":{"line":369,"column":8},"end":{"line":371,"column":null}},"144":{"start":{"line":372,"column":25},"end":{"line":372,"column":null}},"145":{"start":{"line":373,"column":30},"end":{"line":373,"column":62}},"146":{"start":{"line":374,"column":8},"end":{"line":376,"column":null}},"147":{"start":{"line":375,"column":11},"end":{"line":375,"column":null}},"148":{"start":{"line":379,"column":8},"end":{"line":393,"column":52}},"149":{"start":{"line":380,"column":4},"end":{"line":381,"column":null}},"150":{"start":{"line":381,"column":6},"end":{"line":381,"column":null}},"151":{"start":{"line":384,"column":4},"end":{"line":385,"column":null}},"152":{"start":{"line":385,"column":6},"end":{"line":385,"column":null}},"153":{"start":{"line":388,"column":4},"end":{"line":389,"column":null}},"154":{"start":{"line":389,"column":6},"end":{"line":389,"column":null}},"155":{"start":{"line":392,"column":4},"end":{"line":392,"column":null}},"156":{"start":{"line":395,"column":8},"end":{"line":421,"column":73}},"157":{"start":{"line":396,"column":4},"end":{"line":404,"column":null}},"158":{"start":{"line":404,"column":6},"end":{"line":404,"column":null}},"159":{"start":{"line":407,"column":24},"end":{"line":407,"column":null}},"160":{"start":{"line":408,"column":4},"end":{"line":409,"column":null}},"161":{"start":{"line":409,"column":6},"end":{"line":409,"column":null}},"162":{"start":{"line":412,"column":4},"end":{"line":413,"column":null}},"163":{"start":{"line":413,"column":6},"end":{"line":413,"column":null}},"164":{"start":{"line":416,"column":4},"end":{"line":417,"column":null}},"165":{"start":{"line":417,"column":6},"end":{"line":417,"column":null}},"166":{"start":{"line":420,"column":4},"end":{"line":420,"column":null}},"167":{"start":{"line":423,"column":8},"end":{"line":443,"column":null}},"168":{"start":{"line":424,"column":10},"end":{"line":433,"column":6}},"169":{"start":{"line":446,"column":8},"end":{"line":464,"column":75}},"170":{"start":{"line":447,"column":4},"end":{"line":448,"column":null}},"171":{"start":{"line":448,"column":6},"end":{"line":448,"column":null}},"172":{"start":{"line":451,"column":4},"end":{"line":452,"column":null}},"173":{"start":{"line":452,"column":6},"end":{"line":452,"column":null}},"174":{"start":{"line":455,"column":4},"end":{"line":456,"column":null}},"175":{"start":{"line":456,"column":6},"end":{"line":456,"column":null}},"176":{"start":{"line":459,"column":4},"end":{"line":460,"column":null}},"177":{"start":{"line":460,"column":6},"end":{"line":460,"column":null}},"178":{"start":{"line":463,"column":4},"end":{"line":463,"column":null}},"179":{"start":{"line":466,"column":8},"end":{"line":493,"column":91}},"180":{"start":{"line":467,"column":4},"end":{"line":477,"column":null}},"181":{"start":{"line":468,"column":6},"end":{"line":469,"column":null}},"182":{"start":{"line":469,"column":8},"end":{"line":469,"column":null}},"183":{"start":{"line":472,"column":6},"end":{"line":477,"column":null}},"184":{"start":{"line":480,"column":4},"end":{"line":481,"column":null}},"185":{"start":{"line":481,"column":6},"end":{"line":481,"column":null}},"186":{"start":{"line":484,"column":4},"end":{"line":485,"column":null}},"187":{"start":{"line":485,"column":6},"end":{"line":485,"column":null}},"188":{"start":{"line":488,"column":4},"end":{"line":489,"column":null}},"189":{"start":{"line":489,"column":6},"end":{"line":489,"column":null}},"190":{"start":{"line":492,"column":4},"end":{"line":492,"column":null}},"191":{"start":{"line":495,"column":2},"end":{"line":808,"column":null}},"192":{"start":{"line":515,"column":16},"end":{"line":526,"column":null}},"193":{"start":{"line":522,"column":20},"end":{"line":522,"column":null}},"194":{"start":{"line":540,"column":20},"end":{"line":540,"column":null}},"195":{"start":{"line":545,"column":20},"end":{"line":547,"column":null}},"196":{"start":{"line":561,"column":20},"end":{"line":561,"column":null}},"197":{"start":{"line":566,"column":20},"end":{"line":568,"column":null}},"198":{"start":{"line":582,"column":20},"end":{"line":582,"column":null}},"199":{"start":{"line":587,"column":20},"end":{"line":589,"column":null}},"200":{"start":{"line":605,"column":24},"end":{"line":605,"column":null}},"201":{"start":{"line":609,"column":24},"end":{"line":611,"column":null}},"202":{"start":{"line":622,"column":24},"end":{"line":622,"column":null}},"203":{"start":{"line":639,"column":24},"end":{"line":639,"column":null}},"204":{"start":{"line":643,"column":24},"end":{"line":645,"column":null}},"205":{"start":{"line":656,"column":24},"end":{"line":656,"column":null}},"206":{"start":{"line":720,"column":20},"end":{"line":720,"column":null}},"207":{"start":{"line":725,"column":20},"end":{"line":725,"column":null}},"208":{"start":{"line":726,"column":20},"end":{"line":726,"column":null}},"209":{"start":{"line":761,"column":20},"end":{"line":802,"column":null}}},"fnMap":{"0":{"name":"usePoseSource","decl":{"start":{"line":51,"column":9},"end":{"line":51,"column":23}},"loc":{"start":{"line":51,"column":57},"end":{"line":99,"column":null}},"line":51},"1":{"name":"(anonymous_1)","decl":{"start":{"line":58,"column":2},"end":{"line":58,"column":18}},"loc":{"start":{"line":58,"column":18},"end":{"line":97,"column":6}},"line":58},"2":{"name":"(anonymous_2)","decl":{"start":{"line":60,"column":8},"end":{"line":60,"column":24}},"loc":{"start":{"line":60,"column":24},"end":{"line":60,"column":null}},"line":60},"3":{"name":"(anonymous_3)","decl":{"start":{"line":64,"column":6},"end":{"line":64,"column":19}},"loc":{"start":{"line":64,"column":19},"end":{"line":65,"column":null}},"line":64},"4":{"name":"(anonymous_4)","decl":{"start":{"line":72,"column":7},"end":{"line":72,"column":13}},"loc":{"start":{"line":72,"column":24},"end":{"line":80,"column":null}},"line":72},"5":{"name":"(anonymous_5)","decl":{"start":{"line":81,"column":7},"end":{"line":81,"column":14}},"loc":{"start":{"line":81,"column":33},"end":{"line":91,"column":null}},"line":81},"6":{"name":"(anonymous_6)","decl":{"start":{"line":93,"column":4},"end":{"line":93,"column":17}},"loc":{"start":{"line":93,"column":17},"end":{"line":95,"column":null}},"line":93},"7":{"name":"looksLikeFailed","decl":{"start":{"line":102,"column":9},"end":{"line":102,"column":25}},"loc":{"start":{"line":102,"column":48},"end":{"line":103,"column":null}},"line":102},"8":{"name":"matchesTeleopHint","decl":{"start":{"line":106,"column":9},"end":{"line":106,"column":27}},"loc":{"start":{"line":106,"column":51},"end":{"line":107,"column":null}},"line":106},"9":{"name":"looksLikeTeleop","decl":{"start":{"line":110,"column":9},"end":{"line":110,"column":25}},"loc":{"start":{"line":110,"column":48},"end":{"line":113,"column":null}},"line":110},"10":{"name":"guessSuccessDataset","decl":{"start":{"line":116,"column":9},"end":{"line":116,"column":29}},"loc":{"start":{"line":116,"column":61},"end":{"line":117,"column":null}},"line":116},"11":{"name":"guessFailedDataset","decl":{"start":{"line":120,"column":9},"end":{"line":120,"column":28}},"loc":{"start":{"line":120,"column":60},"end":{"line":121,"column":null}},"line":120},"12":{"name":"guessTeleopDataset","decl":{"start":{"line":124,"column":9},"end":{"line":124,"column":28}},"loc":{"start":{"line":124,"column":60},"end":{"line":125,"column":null}},"line":124},"13":{"name":"anchorLabel","decl":{"start":{"line":128,"column":9},"end":{"line":128,"column":21}},"loc":{"start":{"line":128,"column":62},"end":{"line":133,"column":null}},"line":128},"14":{"name":"analysisTitle","decl":{"start":{"line":136,"column":9},"end":{"line":136,"column":23}},"loc":{"start":{"line":136,"column":50},"end":{"line":145,"column":null}},"line":136},"15":{"name":"formatPercent","decl":{"start":{"line":148,"column":9},"end":{"line":148,"column":23}},"loc":{"start":{"line":148,"column":46},"end":{"line":149,"column":null}},"line":148},"16":{"name":"formatSupport","decl":{"start":{"line":152,"column":9},"end":{"line":152,"column":23}},"loc":{"start":{"line":152,"column":46},"end":{"line":153,"column":null}},"line":152},"17":{"name":"formatRange","decl":{"start":{"line":156,"column":9},"end":{"line":156,"column":21}},"loc":{"start":{"line":156,"column":71},"end":{"line":157,"column":null}},"line":156},"18":{"name":"hashRevisionKey","decl":{"start":{"line":160,"column":9},"end":{"line":160,"column":25}},"loc":{"start":{"line":160,"column":74},"end":{"line":167,"column":null}},"line":160},"19":{"name":"resolveClickedPoint","decl":{"start":{"line":170,"column":9},"end":{"line":170,"column":null}},"loc":{"start":{"line":173,"column":33},"end":{"line":188,"column":null}},"line":173},"20":{"name":"EmptyState","decl":{"start":{"line":191,"column":9},"end":{"line":191,"column":20}},"loc":{"start":{"line":191,"column":70},"end":{"line":204,"column":null}},"line":191},"21":{"name":"ClothDistributionPage","decl":{"start":{"line":211,"column":9},"end":{"line":211,"column":33}},"loc":{"start":{"line":211,"column":33},"end":{"line":808,"column":null}},"line":211},"22":{"name":"(anonymous_22)","decl":{"start":{"line":212,"column":17},"end":{"line":212,"column":27}},"loc":{"start":{"line":212,"column":37},"end":{"line":212,"column":50}},"line":212},"23":{"name":"(anonymous_23)","decl":{"start":{"line":229,"column":2},"end":{"line":229,"column":18}},"loc":{"start":{"line":229,"column":18},"end":{"line":260,"column":6}},"line":229},"24":{"name":"(anonymous_24)","decl":{"start":{"line":230,"column":41},"end":{"line":230,"column":46}},"loc":{"start":{"line":230,"column":55},"end":{"line":230,"column":64}},"line":230},"25":{"name":"(anonymous_25)","decl":{"start":{"line":232,"column":4},"end":{"line":232,"column":19}},"loc":{"start":{"line":232,"column":31},"end":{"line":247,"column":null}},"line":232},"26":{"name":"(anonymous_26)","decl":{"start":{"line":241,"column":35},"end":{"line":241,"column":41}},"loc":{"start":{"line":241,"column":50},"end":{"line":241,"column":73}},"line":241},"27":{"name":"(anonymous_27)","decl":{"start":{"line":249,"column":4},"end":{"line":249,"column":18}},"loc":{"start":{"line":250,"column":6},"end":{"line":252,"column":36}},"line":250},"28":{"name":"(anonymous_28)","decl":{"start":{"line":255,"column":4},"end":{"line":255,"column":18}},"loc":{"start":{"line":256,"column":6},"end":{"line":258,"column":36}},"line":256},"29":{"name":"(anonymous_29)","decl":{"start":{"line":262,"column":22},"end":{"line":262,"column":null}},"loc":{"start":{"line":263,"column":10},"end":{"line":263,"column":null}},"line":263},"30":{"name":"(anonymous_30)","decl":{"start":{"line":263,"column":17},"end":{"line":263,"column":23}},"loc":{"start":{"line":263,"column":32},"end":{"line":263,"column":56}},"line":263},"31":{"name":"(anonymous_31)","decl":{"start":{"line":266,"column":21},"end":{"line":266,"column":null}},"loc":{"start":{"line":267,"column":10},"end":{"line":267,"column":null}},"line":267},"32":{"name":"(anonymous_32)","decl":{"start":{"line":267,"column":17},"end":{"line":267,"column":23}},"loc":{"start":{"line":267,"column":32},"end":{"line":267,"column":55}},"line":267},"33":{"name":"(anonymous_33)","decl":{"start":{"line":270,"column":21},"end":{"line":270,"column":null}},"loc":{"start":{"line":271,"column":10},"end":{"line":271,"column":null}},"line":271},"34":{"name":"(anonymous_34)","decl":{"start":{"line":271,"column":17},"end":{"line":271,"column":23}},"loc":{"start":{"line":271,"column":32},"end":{"line":271,"column":55}},"line":271},"35":{"name":"(anonymous_35)","decl":{"start":{"line":279,"column":25},"end":{"line":279,"column":null}},"loc":{"start":{"line":280,"column":10},"end":{"line":284,"column":34}},"line":280},"36":{"name":"(anonymous_36)","decl":{"start":{"line":284,"column":6},"end":{"line":284,"column":14}},"loc":{"start":{"line":284,"column":24},"end":{"line":284,"column":34}},"line":284},"37":{"name":"(anonymous_37)","decl":{"start":{"line":288,"column":2},"end":{"line":288,"column":18}},"loc":{"start":{"line":288,"column":18},"end":{"line":354,"column":null}},"line":288},"38":{"name":"(anonymous_38)","decl":{"start":{"line":290,"column":7},"end":{"line":290,"column":15}},"loc":{"start":{"line":290,"column":25},"end":{"line":290,"column":43}},"line":290},"39":{"name":"(anonymous_39)","decl":{"start":{"line":291,"column":7},"end":{"line":291,"column":12}},"loc":{"start":{"line":291,"column":22},"end":{"line":291,"column":61}},"line":291},"40":{"name":"(anonymous_40)","decl":{"start":{"line":308,"column":23},"end":{"line":308,"column":29}},"loc":{"start":{"line":308,"column":39},"end":{"line":308,"column":82}},"line":308},"41":{"name":"(anonymous_41)","decl":{"start":{"line":329,"column":7},"end":{"line":329,"column":13}},"loc":{"start":{"line":329,"column":28},"end":{"line":336,"column":null}},"line":329},"42":{"name":"(anonymous_42)","decl":{"start":{"line":337,"column":7},"end":{"line":337,"column":14}},"loc":{"start":{"line":337,"column":33},"end":{"line":344,"column":null}},"line":337},"43":{"name":"(anonymous_43)","decl":{"start":{"line":345,"column":7},"end":{"line":345,"column":21}},"loc":{"start":{"line":345,"column":21},"end":{"line":349,"column":null}},"line":345},"44":{"name":"(anonymous_44)","decl":{"start":{"line":351,"column":4},"end":{"line":351,"column":17}},"loc":{"start":{"line":351,"column":17},"end":{"line":352,"column":null}},"line":351},"45":{"name":"(anonymous_45)","decl":{"start":{"line":374,"column":25},"end":{"line":374,"column":null}},"loc":{"start":{"line":375,"column":11},"end":{"line":375,"column":null}},"line":375},"46":{"name":"(anonymous_46)","decl":{"start":{"line":379,"column":26},"end":{"line":379,"column":40}},"loc":{"start":{"line":379,"column":40},"end":{"line":393,"column":6}},"line":379},"47":{"name":"(anonymous_47)","decl":{"start":{"line":395,"column":24},"end":{"line":395,"column":38}},"loc":{"start":{"line":395,"column":38},"end":{"line":421,"column":6}},"line":395},"48":{"name":"(anonymous_48)","decl":{"start":{"line":423,"column":23},"end":{"line":423,"column":null}},"loc":{"start":{"line":424,"column":10},"end":{"line":433,"column":6}},"line":424},"49":{"name":"(anonymous_49)","decl":{"start":{"line":446,"column":19},"end":{"line":446,"column":33}},"loc":{"start":{"line":446,"column":33},"end":{"line":464,"column":6}},"line":446},"50":{"name":"(anonymous_50)","decl":{"start":{"line":466,"column":21},"end":{"line":466,"column":35}},"loc":{"start":{"line":466,"column":35},"end":{"line":493,"column":6}},"line":466},"51":{"name":"(anonymous_51)","decl":{"start":{"line":514,"column":25},"end":{"line":514,"column":30}},"loc":{"start":{"line":515,"column":16},"end":{"line":526,"column":null}},"line":515},"52":{"name":"(anonymous_52)","decl":{"start":{"line":521,"column":18},"end":{"line":521,"column":33}},"loc":{"start":{"line":521,"column":33},"end":{"line":522,"column":null}},"line":521},"53":{"name":"(anonymous_53)","decl":{"start":{"line":539,"column":18},"end":{"line":539,"column":29}},"loc":{"start":{"line":539,"column":39},"end":{"line":540,"column":null}},"line":539},"54":{"name":"(anonymous_54)","decl":{"start":{"line":544,"column":26},"end":{"line":544,"column":31}},"loc":{"start":{"line":545,"column":20},"end":{"line":547,"column":null}},"line":545},"55":{"name":"(anonymous_55)","decl":{"start":{"line":560,"column":18},"end":{"line":560,"column":29}},"loc":{"start":{"line":560,"column":39},"end":{"line":561,"column":null}},"line":560},"56":{"name":"(anonymous_56)","decl":{"start":{"line":565,"column":26},"end":{"line":565,"column":31}},"loc":{"start":{"line":566,"column":20},"end":{"line":568,"column":null}},"line":566},"57":{"name":"(anonymous_57)","decl":{"start":{"line":581,"column":18},"end":{"line":581,"column":29}},"loc":{"start":{"line":581,"column":39},"end":{"line":582,"column":null}},"line":581},"58":{"name":"(anonymous_58)","decl":{"start":{"line":586,"column":26},"end":{"line":586,"column":31}},"loc":{"start":{"line":587,"column":20},"end":{"line":589,"column":null}},"line":587},"59":{"name":"(anonymous_59)","decl":{"start":{"line":604,"column":22},"end":{"line":604,"column":33}},"loc":{"start":{"line":604,"column":43},"end":{"line":605,"column":null}},"line":604},"60":{"name":"(anonymous_60)","decl":{"start":{"line":608,"column":50},"end":{"line":608,"column":55}},"loc":{"start":{"line":609,"column":24},"end":{"line":611,"column":null}},"line":609},"61":{"name":"(anonymous_61)","decl":{"start":{"line":621,"column":22},"end":{"line":621,"column":33}},"loc":{"start":{"line":621,"column":43},"end":{"line":622,"column":null}},"line":621},"62":{"name":"(anonymous_62)","decl":{"start":{"line":638,"column":22},"end":{"line":638,"column":33}},"loc":{"start":{"line":638,"column":43},"end":{"line":639,"column":null}},"line":638},"63":{"name":"(anonymous_63)","decl":{"start":{"line":642,"column":51},"end":{"line":642,"column":56}},"loc":{"start":{"line":643,"column":24},"end":{"line":645,"column":null}},"line":643},"64":{"name":"(anonymous_64)","decl":{"start":{"line":655,"column":22},"end":{"line":655,"column":33}},"loc":{"start":{"line":655,"column":43},"end":{"line":656,"column":null}},"line":655},"65":{"name":"(anonymous_65)","decl":{"start":{"line":718,"column":37},"end":{"line":718,"column":null}},"loc":{"start":{"line":719,"column":29},"end":{"line":722,"column":null}},"line":719},"66":{"name":"(anonymous_66)","decl":{"start":{"line":723,"column":43},"end":{"line":723,"column":null}},"loc":{"start":{"line":724,"column":24},"end":{"line":728,"column":null}},"line":724},"67":{"name":"(anonymous_67)","decl":{"start":{"line":760,"column":50},"end":{"line":760,"column":55}},"loc":{"start":{"line":761,"column":20},"end":{"line":802,"column":null}},"line":761}},"branchMap":{"0":{"loc":{"start":{"line":62,"column":4},"end":{"line":65,"column":null}},"type":"if","locations":[{"start":{"line":62,"column":4},"end":{"line":65,"column":null}},{"start":{},"end":{}}],"line":62},"1":{"loc":{"start":{"line":73,"column":8},"end":{"line":75,"column":null}},"type":"if","locations":[{"start":{"line":73,"column":8},"end":{"line":75,"column":null}},{"start":{},"end":{}}],"line":73},"2":{"loc":{"start":{"line":82,"column":8},"end":{"line":83,"column":null}},"type":"if","locations":[{"start":{"line":82,"column":8},"end":{"line":83,"column":null}},{"start":{},"end":{}}],"line":82},"3":{"loc":{"start":{"line":89,"column":17},"end":{"line":89,"column":null}},"type":"cond-expr","locations":[{"start":{"line":89,"column":42},"end":{"line":89,"column":58}},{"start":{"line":89,"column":58},"end":{"line":89,"column":null}}],"line":89},"4":{"loc":{"start":{"line":111,"column":9},"end":{"line":113,"column":42}},"type":"binary-expr","locations":[{"start":{"line":111,"column":9},"end":{"line":111,"column":37}},{"start":{"line":112,"column":7},"end":{"line":112,"column":34}},{"start":{"line":113,"column":7},"end":{"line":113,"column":42}}],"line":111},"5":{"loc":{"start":{"line":117,"column":9},"end":{"line":117,"column":null}},"type":"binary-expr","locations":[{"start":{"line":117,"column":9},"end":{"line":117,"column":88}},{"start":{"line":117,"column":88},"end":{"line":117,"column":105}},{"start":{"line":117,"column":105},"end":{"line":117,"column":null}}],"line":117},"6":{"loc":{"start":{"line":121,"column":9},"end":{"line":121,"column":null}},"type":"binary-expr","locations":[{"start":{"line":121,"column":9},"end":{"line":121,"column":45}},{"start":{"line":121,"column":45},"end":{"line":121,"column":null}}],"line":121},"7":{"loc":{"start":{"line":125,"column":9},"end":{"line":125,"column":null}},"type":"binary-expr","locations":[{"start":{"line":125,"column":9},"end":{"line":125,"column":45}},{"start":{"line":125,"column":45},"end":{"line":125,"column":null}}],"line":125},"8":{"loc":{"start":{"line":129,"column":2},"end":{"line":130,"column":null}},"type":"if","locations":[{"start":{"line":129,"column":2},"end":{"line":130,"column":null}},{"start":{},"end":{}}],"line":129},"9":{"loc":{"start":{"line":137,"column":2},"end":{"line":138,"column":null}},"type":"if","locations":[{"start":{"line":137,"column":2},"end":{"line":138,"column":null}},{"start":{},"end":{}}],"line":137},"10":{"loc":{"start":{"line":141,"column":2},"end":{"line":142,"column":null}},"type":"if","locations":[{"start":{"line":141,"column":2},"end":{"line":142,"column":null}},{"start":{},"end":{}}],"line":141},"11":{"loc":{"start":{"line":175,"column":21},"end":{"line":175,"column":null}},"type":"binary-expr","locations":[{"start":{"line":175,"column":21},"end":{"line":175,"column
[...]
column":16},"end":{"line":49,"column":36}},"loc":{"start":{"line":49,"column":69},"end":{"line":65,"column":null}},"line":49}},"branchMap":{"0":{"loc":{"start":{"line":28,"column":2},"end":{"line":29,"column":null}},"type":"if","locations":[{"start":{"line":28,"column":2},"end":{"line":29,"column":null}},{"start":{},"end":{}}],"line":28},"1":{"loc":{"start":{"line":38,"column":2},"end":{"line":39,"column":null}},"type":"if","locations":[{"start":{"line":38,"column":2},"end":{"line":39,"column":null}},{"start":{},"end":{}}],"line":38},"2":{"loc":{"start":{"line":42,"column":2},"end":{"line":43,"column":null}},"type":"if","locations":[{"start":{"line":42,"column":2},"end":{"line":43,"column":null}},{"start":{},"end":{}}],"line":42},"3":{"loc":{"start":{"line":50,"column":2},"end":{"line":51,"column":null}},"type":"if","locations":[{"start":{"line":50,"column":2},"end":{"line":51,"column":null}},{"start":{},"end":{}}],"line":50},"4":{"loc":{"start":{"line":61,"column":2},"end":{"line":62,"column":null}},"type":"if","locations":[{"start":{"line":61,"column":2},"end":{"line":62,"column":null}},{"start":{},"end":{}}],"line":61}},"s":{"0":3,"1":3,"2":3,"3":3,"4":3,"5":3,"6":3,"7":1,"8":2,"9":2,"10":2,"11":2,"12":2,"13":2,"14":1,"15":1,"16":0,"17":1,"18":6,"19":2,"20":4,"21":4,"22":1,"23":3,"24":1,"25":2},"f":{"0":3,"1":3,"2":3,"3":2,"4":6},"b":{"0":[1,2],"1":[1,1],"2":[0,1],"3":[2,4],"4":[1,2]},"meta":{"lastBranch":5,"lastFunction":5,"lastStatement":26,"seen":{"f:12:16:12:31":0,"s:13:2:16:Infinity":0,"f:19:16:19:32":1,"s:20:17:20:35":1,"s:21:2:21:Infinity":2,"s:22:2:22:Infinity":3,"s:23:2:23:Infinity":4,"f:26:22:26:41":2,"s:27:16:27:70":5,"b:28:2:29:Infinity:undefined:undefined:undefined:undefined":0,"s:28:2:29:Infinity":6,"s:29:4:29:Infinity":7,"s:32:31:32:Infinity":8,"s:33:19:33:78":9,"s:35:21:35:42":10,"s:37:15:37:52":11,"f:37:21:37:27":3,"s:37:33:37:52":12,"b:38:2:39:Infinity:undefined:undefined:undefined:undefined":1,"s:38:2:39:Infinity":13,"s:39:4:39:Infinity":14,"b:42:2:43:Infinity:undefined:undefined:undefined:undefined":2,"s:42:2:43:Infinity":15,"s:43:4:43:Infinity":16,"s:46:2:46:Infinity":17,"f:49:16:49:36":4,"b:50:2:51:Infinity:undefined:undefined:undefined:undefined":3,"s:50:2:51:Infinity":18,"s:51:4:51:Infinity":19,"s:55:2:58:Infinity":20,"s:56:4:56:Infinity":21,"s:58:4:58:Infinity":22,"b:61:2:62:Infinity:undefined:undefined:undefined:undefined":4,"s:61:2:62:Infinity":23,"s:62:4:62:Infinity":24,"s:65:2:65:Infinity":25}}}
,"/workspace/IsaacTools/myhdf5/src/sidebar/Flyout.tsx": {"path":"/workspace/IsaacTools/myhdf5/src/sidebar/Flyout.tsx","statementMap":{"0":{"start":{"line":9,"column":23},"end":{"line":9,"column":null}},"1":{"start":{"line":10,"column":20},"end":{"line":10,"column":73}},"2":{"start":{"line":14,"column":2},"end":{"line":22,"column":null}},"3":{"start":{"line":15,"column":4},"end":{"line":20,"column":null}},"4":{"start":{"line":20,"column":6},"end":{"line":20,"column":null}},"5":{"start":{"line":26,"column":2},"end":{"line":34,"column":null}},"6":{"start":{"line":27,"column":4},"end":{"line":32,"column":null}},"7":{"start":{"line":32,"column":6},"end":{"line":32,"column":null}},"8":{"start":{"line":36,"column":2},"end":{"line":46,"column":null}},"9":{"start":{"line":40,"column":8},"end":{"line":41,"column":null}},"10":{"start":{"line":41,"column":10},"end":{"line":41,"column":null}}},"fnMap":{"0":{"name":"Flyout","decl":{"start":{"line":8,"column":9},"end":{"line":8,"column":16}},"loc":{"start":{"line":8,"column":49},"end":{"line":46,"column":null}},"line":8},"1":{"name":"(anonymous_1)","decl":{"start":{"line":14,"column":30},"end":{"line":14,"column":50}},"loc":{"start":{"line":14,"column":75},"end":{"line":22,"column":null}},"line":14},"2":{"name":"(anonymous_2)","decl":{"start":{"line":26,"column":30},"end":{"line":26,"column":48}},"loc":{"start":{"line":26,"column":73},"end":{"line":34,"column":null}},"line":26},"3":{"name":"(anonymous_3)","decl":{"start":{"line":39,"column":6},"end":{"line":39,"column":12}},"loc":{"start":{"line":39,"column":21},"end":{"line":41,"column":null}},"line":39}},"branchMap":{"0":{"loc":{"start":{"line":15,"column":4},"end":{"line":20,"column":null}},"type":"if","locations":[{"start":{"line":15,"column":4},"end":{"line":20,"column":null}},{"start":{},"end":{}}],"line":15},"1":{"loc":{"start":{"line":16,"column":6},"end":{"line":18,"column":null}},"type":"binary-expr","locations":[{"start":{"line":16,"column":6},"end":{"line":16,"column":null}},{"start":{"line":17,"column":6},"end":{"line":17,"column":null}},{"start":{"line":18,"column":6},"end":{"line":18,"column":null}}],"line":16},"2":{"loc":{"start":{"line":27,"column":4},"end":{"line":32,"column":null}},"type":"if","locations":[{"start":{"line":27,"column":4},"end":{"line":32,"column":null}},{"start":{},"end":{}}],"line":27},"3":{"loc":{"start":{"line":28,"column":6},"end":{"line":30,"column":null}},"type":"binary-expr","locations":[{"start":{"line":28,"column":6},"end":{"line":28,"column":null}},{"start":{"line":29,"column":6},"end":{"line":29,"column":null}},{"start":{"line":30,"column":6},"end":{"line":30,"column":null}}],"line":28},"4":{"loc":{"start":{"line":40,"column":8},"end":{"line":41,"column":null}},"type":"if","locations":[{"start":{"line":40,"column":8},"end":{"line":41,"column":null}},{"start":{},"end":{}}],"line":40}},"s":{"0":6,"1":6,"2":6,"3":0,"4":0,"5":6,"6":0,"7":0,"8":6,"9":8,"10":4},"f":{"0":6,"1":0,"2":0,"3":8},"b":{"0":[0,0],"1":[0,0,0],"2":[0,0],"3":[0,0,0],"4":[4,4]},"meta":{"lastBranch":5,"lastFunction":4,"lastStatement":11,"seen":{"f:8:9:8:16":0,"s:9:23:9:Infinity":0,"s:10:20:10:73":1,"s:14:2:22:Infinity":2,"f:14:30:14:50":1,"b:15:4:20:Infinity:undefined:undefined:undefined:undefined":0,"s:15:4:20:Infinity":3,"b:16:6:16:Infinity:17:6:17:Infinity:18:6:18:Infinity":1,"s:20:6:20:Infinity":4,"s:26:2:34:Infinity":5,"f:26:30:26:48":2,"b:27:4:32:Infinity:undefined:undefined:undefined:undefined":2,"s:27:4:32:Infinity":6,"b:28:6:28:Infinity:29:6:29:Infinity:30:6:30:Infinity":3,"s:32:6:32:Infinity":7,"s:36:2:46:Infinity":8,"f:39:6:39:12":3,"b:40:8:41:Infinity:undefined:undefined:undefined:undefined":4,"s:40:8:41:Infinity":9,"s:41:10:41:Infinity":10}}}
,"/workspace/IsaacTools/myhdf5/src/sidebar/OpenedFiles.tsx": {"path":"/workspace/IsaacTools/myhdf5/src/sidebar/OpenedFiles.tsx","statementMap":{"0":{"start":{"line":24,"column":74},"end":{"line":30,"column":null}},"1":{"start":{"line":33,"column":8},"end":{"line":33,"column":50}},"2":{"start":{"line":33,"column":37},"end":{"line":33,"column":50}},"3":{"start":{"line":34,"column":8},"end":{"line":34,"column":62}},"4":{"start":{"line":34,"column":43},"end":{"line":34,"column":62}},"5":{"start":{"line":36,"column":8},"end":{"line":36,"column":32}},"6":{"start":{"line":37,"column":8},"end":{"line":37,"column":32}},"7":{"start":{"line":38,"column":9},"end":{"line":38,"column":42}},"8":{"start":{"line":39,"column":18},"end":{"line":39,"column":41}},"9":{"start":{"line":41,"column":4},"end":{"line":49,"column":null}},"10":{"start":{"line":53,"column":4},"end":{"line":56,"column":null}},"11":{"start":{"line":55,"column":24},"end":{"line":55,"column":null}},"12":{"start":{"line":56,"column":6},"end":{"line":56,"column":null}},"13":{"start":{"line":60,"column":4},"end":{"line":60,"column":null}},"14":{"start":{"line":61,"column":4},"end":{"line":61,"column":null}},"15":{"start":{"line":64,"column":2},"end":{"line":123,"column":null}},"16":{"start":{"line":70,"column":56},"end":{"line":70,"column":null}},"17":{"start":{"line":71,"column":29},"end":{"line":71,"column":null}},"18":{"start":{"line":72,"column":25},"end":{"line":72,"column":null}},"19":{"start":{"line":74,"column":12},"end":{"line":118,"column":null}},"20":{"start":{"line":84,"column":20},"end":{"line":84,"column":null}},"21":{"start":{"line":100,"column":22},"end":{"line":100,"column":null}},"22":{"start":{"line":101,"column":22},"end":{"line":101,"column":null}},"23":{"start":{"line":111,"column":22},"end":{"line":111,"column":null}},"24":{"start":{"line":112,"column":22},"end":{"line":112,"column":null}}},"fnMap":{"0":{"name":"OpenedFiles","decl":{"start":{"line":32,"column":9},"end":{"line":32,"column":23}},"loc":{"start":{"line":32,"column":23},"end":{"line":123,"column":null}},"line":32},"1":{"name":"(anonymous_1)","decl":{"start":{"line":33,"column":17},"end":{"line":33,"column":27}},"loc":{"start":{"line":33,"column":37},"end":{"line":33,"column":50}},"line":33},"2":{"name":"(anonymous_2)","decl":{"start":{"line":34,"column":23},"end":{"line":34,"column":33}},"loc":{"start":{"line":34,"column":43},"end":{"line":34,"column":62}},"line":34},"3":{"name":"removeFile","decl":{"start":{"line":52,"column":11},"end":{"line":52,"column":22}},"loc":{"start":{"line":52,"column":70},"end":{"line":61,"column":null}},"line":52},"4":{"name":"(anonymous_4)","decl":{"start":{"line":69,"column":18},"end":{"line":69,"column":23}},"loc":{"start":{"line":69,"column":39},"end":{"line":118,"column":null}},"line":69},"5":{"name":"(anonymous_5)","decl":{"start":{"line":82,"column":18},"end":{"line":82,"column":28}},"loc":{"start":{"line":82,"column":36},"end":{"line":84,"column":null}},"line":82},"6":{"name":"(anonymous_6)","decl":{"start":{"line":99,"column":20},"end":{"line":99,"column":30}},"loc":{"start":{"line":99,"column":38},"end":{"line":101,"column":null}},"line":99},"7":{"name":"(anonymous_7)","decl":{"start":{"line":110,"column":20},"end":{"line":110,"column":30}},"loc":{"start":{"line":110,"column":38},"end":{"line":112,"column":null}},"line":110}},"branchMap":{"0":{"loc":{"start":{"line":41,"column":4},"end":{"line":49,"column":null}},"type":"cond-expr","locations":[{"start":{"line":42,"column":8},"end":{"line":42,"column":null}},{"start":{"line":43,"column":8},"end":{"line":49,"column":null}}],"line":41},"1":{"loc":{"start":{"line":43,"column":8},"end":{"line":49,"column":null}},"type":"cond-expr","locations":[{"start":{"line":44,"column":10},"end":{"line":44,"column":null}},{"start":{"line":45,"column":10},"end":{"line":49,"column":null}}],"line":43},"2":{"loc":{"start":{"line":45,"column":10},"end":{"line":49,"column":null}},"type":"cond-expr","locations":[{"start":{"line":46,"column":12},"end":{"line":46,"column":null}},{"start":{"line":47,"column":12},"end":{"line":49,"column":null}}],"line":45},"3":{"loc":{"start":{"line":47,"column":12},"end":{"line":49,"column":null}},"type":"cond-expr","locations":[{"start":{"line":48,"column":14},"end":{"line":48,"column":null}},{"start":{"line":49,"column":10},"end":{"line":49,"column":null}}],"line":47},"4":{"loc":{"start":{"line":53,"column":4},"end":{"line":56,"column":null}},"type":"if","locations":[{"start":{"line":53,"column":4},"end":{"line":56,"column":null}},{"start":{},"end":{}}],"line":53},"5":{"loc":{"start":{"line":55,"column":24},"end":{"line":55,"column":null}},"type":"cond-expr","locations":[{"start":{"line":55,"column":52},"end":{"line":55,"column":64}},{"start":{"line":55,"column":64},"end":{"line":55,"column":null}}],"line":55},"6":{"loc":{"start":{"line":56,"column":15},"end":{"line":56,"column":84}},"type":"cond-expr","locations":[{"start":{"line":56,"column":28},"end":{"line":56,"column":77}},{"start":{"line":56,"column":80},"end":{"line":56,"column":84}}],"line":56},"7":{"loc":{"start":{"line":67,"column":7},"end":{"line":123,"column":null}},"type":"cond-expr","locations":[{"start":{"line":68,"column":8},"end":{"line":123,"column":9}},{"start":{"line":123,"column":8},"end":{"line":123,"column":null}}],"line":67},"8":{"loc":{"start":{"line":81,"column":32},"end":{"line":81,"column":null}},"type":"cond-expr","locations":[{"start":{"line":81,"column":43},"end":{"line":81,"column":52}},{"start":{"line":81,"column":52},"end":{"line":81,"column":null}}],"line":81}},"s":{"0":2,"1":18,"2":61,"3":18,"4":61,"5":18,"6":18,"7":18,"8":18,"9":18,"10":1,"11":0,"12":0,"13":1,"14":1,"15":18,"16":10,"17":10,"18":10,"19":10,"20":0,"21":0,"22":0,"23":1,"24":1},"f":{"0":18,"1":61,"2":61,"3":1,"4":10,"5":0,"6":0,"7":1},"b":{"0":[2,16],"1":[0,16],"2":[0,16],"3":[0,16],"4":[0,1],"5":[0,0],"6":[0,0],"7":[7,11],"8":[5,5]},"meta":{"lastBranch":9,"lastFunction":8,"lastStatement":25,"seen":{"s:24:74:30:Infinity":0,"f:32:9:32:23":0,"s:33:8:33:50":1,"f:33:17:33:27":1,"s:33:37:33:50":2,"s:34:8:34:62":3,"f:34:23:34:33":2,"s:34:43:34:62":4,"s:36:8:36:32":5,"s:37:8:37:32":6,"s:38:9:38:42":7,"s:39:18:39:41":8,"s:41:4:49:Infinity":9,"b:42:8:42:Infinity:43:8:49:Infinity":0,"b:44:10:44:Infinity:45:10:49:Infinity":1,"b:46:12:46:Infinity:47:12:49:Infinity":2,"b:48:14:48:Infinity:49:10:49:Infinity":3,"f:52:11:52:22":3,"b:53:4:56:Infinity:undefined:undefined:undefined:undefined":4,"s:53:4:56:Infinity":10,"s:55:24:55:Infinity":11,"b:55:52:55:64:55:64:55:Infinity":5,"s:56:6:56:Infinity":12,"b:56:28:56:77:56:80:56:84":6,"s:60:4:60:Infinity":13,"s:61:4:61:Infinity":14,"s:64:2:123:Infinity":15,"b:68:8:123:9:123:8:123:Infinity":7,"f:69:18:69:23":4,"s:70:56:70:Infinity":16,"s:71:29:71:Infinity":17,"s:72:25:72:Infinity":18,"s:74:12:118:Infinity":19,"b:81:43:81:52:81:52:81:Infinity":8,"f:82:18:82:28":5,"s:84:20:84:Infinity":20,"f:99:20:99:30":6,"s:100:22:100:Infinity":21,"s:101:22:101:Infinity":22,"f:110:20:110:30":7,"s:111:22:111:Infinity":23,"s:112:22:112:Infinity":24}}}
,"/workspace/IsaacTools/myhdf5/src/sidebar/Sidebar.tsx": {"path":"/workspace/IsaacTools/myhdf5/src/sidebar/Sidebar.tsx","statementMap":{"0":{"start":{"line":18,"column":24},"end":{"line":18,"column":43}},"1":{"start":{"line":19,"column":8},"end":{"line":19,"column":50}},"2":{"start":{"line":19,"column":37},"end":{"line":19,"column":50}},"3":{"start":{"line":20,"column":8},"end":{"line":20,"column":67}},"4":{"start":{"line":20,"column":42},"end":{"line":20,"column":67}},"5":{"start":{"line":21,"column":22},"end":{"line":21,"column":null}},"6":{"start":{"line":22,"column":9},"end":{"line":22,"column":42}},"7":{"start":{"line":23,"column":24},"end":{"line":23,"column":null}},"8":{"start":{"line":25,"column":2},"end":{"line":206,"column":null}}},"fnMap":{"0":{"name":"Sidebar","decl":{"start":{"line":17,"column":9},"end":{"line":17,"column":19}},"loc":{"start":{"line":17,"column":19},"end":{"line":206,"column":null}},"line":17},"1":{"name":"(anonymous_1)","decl":{"start":{"line":19,"column":17},"end":{"line":19,"column":27}},"loc":{"start":{"line":19,"column":37},"end":{"line":19,"column":50}},"line":19},"2":{"name":"(anonymous_2)","decl":{"start":{"line":20,"column":22},"end":{"line":20,"column":32}},"loc":{"start":{"line":20,"column":42},"end":{"line":20,"column":67}},"line":20}},"branchMap":{"0":{"loc":{"start":{"line":21,"column":22},"end":{"line":21,"column":null}},"type":"binary-expr","locations":[{"start":{"line":21,"column":22},"end":{"line":21,"column":37}},{"start":{"line":21,"column":37},"end":{"line":21,"column":null}}],"line":21},"1":{"loc":{"start":{"line":23,"column":24},"end":{"line":23,"column":null}},"type":"binary-expr","locations":[{"start":{"line":23,"column":24},"end":{"line":23,"column":47}},{"start":{"line":23,"column":51},"end":{"line":23,"column":69}},{"start":{"line":23,"column":69},"end":{"line":23,"column":null}}],"line":23},"2":{"loc":{"start":{"line":26,"column":52},"end":{"line":26,"column":null}},"type":"binary-expr","locations":[{"start":{"line":26,"column":52},"end":{"line":26,"column":67}},{"start":{"line":26,"column":67},"end":{"line":26,"column":null}}],"line":26},"3":{"loc":{"start":{"line":45,"column":11},"end":{"line":64,"column":null}},"type":"cond-expr","locations":[{"start":{"line":46,"column":12},"end":{"line":56,"column":13}},{"start":{"line":56,"column":12},"end":{"line":64,"column":null}}],"line":45},"4":{"loc":{"start":{"line":68,"column":11},"end":{"line":87,"column":null}},"type":"cond-expr","locations":[{"start":{"line":69,"column":12},"end":{"line":79,"column":13}},{"start":{"line":79,"column":12},"end":{"line":87,"column":null}}],"line":68},"5":{"loc":{"start":{"line":91,"column":11},"end":{"line":110,"column":null}},"type":"cond-expr","locations":[{"start":{"line":92,"column":12},"end":{"line":102,"column":13}},{"start":{"line":102,"column":12},"end":{"line":110,"column":null}}],"line":91},"6":{"loc":{"start":{"line":114,"column":11},"end":{"line":133,"column":null}},"type":"cond-expr","locations":[{"start":{"line":115,"column":12},"end":{"line":125,"column":13}},{"start":{"line":125,"column":12},"end":{"line":133,"column":null}}],"line":114},"7":{"loc":{"start":{"line":137,"column":11},"end":{"line":156,"column":null}},"type":"cond-expr","locations":[{"start":{"line":138,"column":12},"end":{"line":148,"column":13}},{"start":{"line":148,"column":12},"end":{"line":156,"column":null}}],"line":137},"8":{"loc":{"start":{"line":140,"column":43},"end":{"line":140,"column":74}},"type":"binary-expr","locations":[{"start":{"line":140,"column":43},"end":{"line":140,"column":60}},{"start":{"line":140,"column":60},"end":{"line":140,"column":74}}],"line":140},"9":{"loc":{"start":{"line":170,"column":11},"end":{"line":185,"column":null}},"type":"cond-expr","locations":[{"start":{"line":171,"column":12},"end":{"line":185,"column":13}},{"start":{"line":185,"column":12},"end":{"line":185,"column":null}}],"line":170}},"s":{"0":8,"1":8,"2":26,"3":8,"4":26,"5":8,"6":8,"7":8,"8":8},"f":{"0":8,"1":26,"2":26},"b":{"0":[8,1],"1":[8,4,4],"2":[8,7],"3":[4,4],"4":[4,4],"5":[4,4],"6":[4,4],"7":[2,6],"8":[2,0],"9":[1,7]},"meta":{"lastBranch":10,"lastFunction":3,"lastStatement":9,"seen":{"f:17:9:17:19":0,"s:18:24:18:43":0,"s:19:8:19:50":1,"f:19:17:19:27":1,"s:19:37:19:50":2,"s:20:8:20:67":3,"f:20:22:20:32":2,"s:20:42:20:67":4,"s:21:22:21:Infinity":5,"b:21:22:21:37:21:37:21:Infinity":0,"s:22:9:22:42":6,"s:23:24:23:Infinity":7,"b:23:24:23:47:23:51:23:69:23:69:23:Infinity":1,"s:25:2:206:Infinity":8,"b:26:52:26:67:26:67:26:Infinity":2,"b:46:12:56:13:56:12:64:Infinity":3,"b:69:12:79:13:79:12:87:Infinity":4,"b:92:12:102:13:102:12:110:Infinity":5,"b:115:12:125:13:125:12:133:Infinity":6,"b:138:12:148:13:148:12:156:Infinity":7,"b:140:43:140:60:140:60:140:74":8,"b:171:12:185:13:185:12:185:Infinity":9}}}
,"/workspace/IsaacTools/myhdf5/src/sidebar/SidebarToggle.tsx": {"path":"/workspace/IsaacTools/myhdf5/src/sidebar/SidebarToggle.tsx","statementMap":{"0":{"start":{"line":12,"column":38},"end":{"line":12,"column":null}},"1":{"start":{"line":13,"column":8},"end":{"line":13,"column":64}},"2":{"start":{"line":13,"column":44},"end":{"line":13,"column":64}},"3":{"start":{"line":15,"column":2},"end":{"line":24,"column":null}},"4":{"start":{"line":21,"column":21},"end":{"line":21,"column":36}}},"fnMap":{"0":{"name":"SidebarToggle","decl":{"start":{"line":11,"column":9},"end":{"line":11,"column":23}},"loc":{"start":{"line":11,"column":37},"end":{"line":24,"column":null}},"line":11},"1":{"name":"(anonymous_1)","decl":{"start":{"line":13,"column":24},"end":{"line":13,"column":34}},"loc":{"start":{"line":13,"column":44},"end":{"line":13,"column":64}},"line":13},"2":{"name":"(anonymous_2)","decl":{"start":{"line":21,"column":6},"end":{"line":21,"column":21}},"loc":{"start":{"line":21,"column":21},"end":{"line":21,"column":36}},"line":21}},"branchMap":{"0":{"loc":{"start":{"line":19,"column":21},"end":{"line":19,"column":57}},"type":"cond-expr","locations":[{"start":{"line":19,"column":35},"end":{"line":19,"column":46}},{"start":{"line":19,"column":46},"end":{"line":19,"column":57}}],"line":19},"1":{"loc":{"start":{"line":23,"column":7},"end":{"line":23,"column":null}},"type":"cond-expr","locations":[{"start":{"line":23,"column":21},"end":{"line":23,"column":44}},{"start":{"line":23,"column":43},"end":{"line":23,"column":null}}],"line":23}},"s":{"0":12,"1":12,"2":41,"3":12,"4":2},"f":{"0":12,"1":41,"2":2},"b":{"0":[2,10],"1":[2,10]},"meta":{"lastBranch":2,"lastFunction":3,"lastStatement":5,"seen":{"f:11:9:11:23":0,"s:12:38:12:Infinity":0,"s:13:8:13:64":1,"f:13:24:13:34":1,"s:13:44:13:64":2,"s:15:2:24:Infinity":3,"b:19:35:19:46:19:46:19:57":0,"f:21:6:21:21":2,"s:21:21:21:36":4,"b:23:21:23:44:23:43:23:Infinity":1}}}
}
